{"level":"info","message":"User anonymous accessed POST /auth/login","timestamp":"2025-04-28T07:35:15.111Z"}
{"level":"info","message":"User anonymous accessed POST /auth/register","timestamp":"2025-04-28T07:35:43.129Z"}
{"level":"info","message":"User anonymous accessed POST /auth/register","timestamp":"2025-04-28T07:37:54.101Z"}
{"level":"info","message":"User anonymous accessed GET /api-docs","timestamp":"2025-04-28T10:30:42.675Z"}
{"level":"info","message":"User anonymous accessed GET /api-docs/","timestamp":"2025-04-28T10:30:42.704Z"}
{"level":"info","message":"User anonymous accessed GET /api-docs/swagger-ui.css","timestamp":"2025-04-28T10:30:42.755Z"}
{"level":"info","message":"User anonymous accessed GET /api-docs/swagger-ui-bundle.js","timestamp":"2025-04-28T10:30:42.767Z"}
{"level":"info","message":"User anonymous accessed GET /api-docs/swagger-ui-standalone-preset.js","timestamp":"2025-04-28T10:30:42.769Z"}
{"level":"info","message":"User anonymous accessed GET /api-docs/swagger-ui-init.js","timestamp":"2025-04-28T10:30:42.772Z"}
{"level":"info","message":"User anonymous accessed GET /api-docs/favicon-32x32.png","timestamp":"2025-04-28T10:30:43.203Z"}
{"level":"info","message":"User anonymous accessed GET /api-docs/","timestamp":"2025-04-28T10:31:11.205Z"}
{"level":"info","message":"User anonymous accessed GET /api-docs/swagger-ui.css","timestamp":"2025-04-28T10:31:11.249Z"}
{"level":"info","message":"User anonymous accessed GET /api-docs/swagger-ui-bundle.js","timestamp":"2025-04-28T10:31:11.258Z"}
{"level":"info","message":"User anonymous accessed GET /api-docs/swagger-ui-standalone-preset.js","timestamp":"2025-04-28T10:31:11.260Z"}
{"level":"info","message":"User anonymous accessed GET /api-docs/swagger-ui-init.js","timestamp":"2025-04-28T10:31:11.261Z"}
{"level":"info","message":"User anonymous accessed GET /api-docs/","timestamp":"2025-04-28T10:32:46.716Z"}
{"level":"info","message":"User anonymous accessed GET /api-docs/swagger-ui.css","timestamp":"2025-04-28T10:32:46.773Z"}
{"level":"info","message":"User anonymous accessed GET /api-docs/swagger-ui-bundle.js","timestamp":"2025-04-28T10:32:46.783Z"}
{"level":"info","message":"User anonymous accessed GET /api-docs/swagger-ui-standalone-preset.js","timestamp":"2025-04-28T10:32:46.785Z"}
{"level":"info","message":"User anonymous accessed GET /api-docs/swagger-ui-init.js","timestamp":"2025-04-28T10:32:46.786Z"}
{"level":"info","message":"User anonymous accessed GET /api-docs/favicon-32x32.png","timestamp":"2025-04-28T10:32:46.948Z"}
{"level":"info","message":"User anonymous accessed GET /api-docs/","timestamp":"2025-04-28T10:34:27.596Z"}
{"level":"info","message":"User anonymous accessed GET /api-docs/swagger-ui.css","timestamp":"2025-04-28T10:34:27.655Z"}
{"level":"info","message":"User anonymous accessed GET /api-docs/swagger-ui-bundle.js","timestamp":"2025-04-28T10:34:27.664Z"}
{"level":"info","message":"User anonymous accessed GET /api-docs/swagger-ui-standalone-preset.js","timestamp":"2025-04-28T10:34:27.667Z"}
{"level":"info","message":"User anonymous accessed GET /api-docs/swagger-ui-init.js","timestamp":"2025-04-28T10:34:27.669Z"}
{"level":"info","message":"User anonymous accessed GET /api-docs/favicon-32x32.png","timestamp":"2025-04-28T10:34:27.879Z"}
{"level":"info","message":"User anonymous accessed GET /api-docs/","timestamp":"2025-04-28T10:36:35.306Z"}
{"level":"info","message":"User anonymous accessed GET /api-docs/swagger-ui.css","timestamp":"2025-04-28T10:36:35.366Z"}
{"level":"info","message":"User anonymous accessed GET /api-docs/swagger-ui-bundle.js","timestamp":"2025-04-28T10:36:35.373Z"}
{"level":"info","message":"User anonymous accessed GET /api-docs/swagger-ui-standalone-preset.js","timestamp":"2025-04-28T10:36:35.375Z"}
{"level":"info","message":"User anonymous accessed GET /api-docs/swagger-ui-init.js","timestamp":"2025-04-28T10:36:35.383Z"}
{"level":"info","message":"User anonymous accessed GET /api-docs/favicon-32x32.png","timestamp":"2025-04-28T10:36:35.709Z"}
{"level":"info","message":"User anonymous accessed GET /api-docs/","timestamp":"2025-04-28T11:09:42.967Z"}
{"level":"info","message":"User anonymous accessed GET /api-docs/swagger-ui.css","timestamp":"2025-04-28T11:09:43.048Z"}
{"level":"info","message":"User anonymous accessed GET /api-docs/swagger-ui-bundle.js","timestamp":"2025-04-28T11:09:43.063Z"}
{"level":"info","message":"User anonymous accessed GET /api-docs/swagger-ui-standalone-preset.js","timestamp":"2025-04-28T11:09:43.066Z"}
{"level":"info","message":"User anonymous accessed GET /api-docs/swagger-ui-init.js","timestamp":"2025-04-28T11:09:43.068Z"}
{"level":"info","message":"User anonymous accessed GET /api-docs/favicon-32x32.png","timestamp":"2025-04-28T11:09:43.421Z"}
{"level":"info","message":"User anonymous accessed GET /api-docs/","timestamp":"2025-04-28T11:11:36.492Z"}
{"level":"info","message":"User anonymous accessed GET /api-docs/swagger-ui.css","timestamp":"2025-04-28T11:11:36.579Z"}
{"level":"info","message":"User anonymous accessed GET /api-docs/swagger-ui-bundle.js","timestamp":"2025-04-28T11:11:36.591Z"}
{"level":"info","message":"User anonymous accessed GET /api-docs/swagger-ui-standalone-preset.js","timestamp":"2025-04-28T11:11:36.594Z"}
{"level":"info","message":"User anonymous accessed GET /api-docs/swagger-ui-init.js","timestamp":"2025-04-28T11:11:36.597Z"}
{"level":"info","message":"User anonymous accessed GET /api-docs/favicon-32x32.png","timestamp":"2025-04-28T11:11:36.841Z"}
{"level":"info","message":"User anonymous accessed POST /auth/login","timestamp":"2025-04-28T11:14:48.304Z"}
{"level":"info","message":"User anonymous accessed POST /auth/login","timestamp":"2025-04-28T11:18:07.072Z"}
{"level":"info","message":"User anonymous accessed POST /auth/login","timestamp":"2025-04-28T11:18:48.880Z"}
{"level":"info","message":"User anonymous accessed GET /auth/profile","timestamp":"2025-04-28T11:38:13.501Z"}
{"level":"info","message":"User anonymous accessed GET /auth/profile","timestamp":"2025-04-28T11:39:29.092Z"}
{"level":"info","message":"User anonymous accessed GET /auth/profile","timestamp":"2025-04-28T11:40:10.618Z"}
{"level":"info","message":"User anonymous accessed GET /auth/profile","timestamp":"2025-04-28T11:41:36.697Z"}
{"level":"info","message":"User anonymous accessed GET /auth/profile","timestamp":"2025-04-28T11:42:37.989Z"}
{"level":"info","message":"User anonymous accessed GET /auth/profile","timestamp":"2025-04-28T11:43:10.733Z"}
{"level":"info","message":"User anonymous accessed POST /auth/upload-profile-picture","timestamp":"2025-04-28T12:14:14.596Z"}
{"level":"info","message":"User anonymous accessed POST /auth/upload-profile-picture","timestamp":"2025-04-28T12:14:53.917Z"}
{"level":"info","message":"User anonymous accessed POST /auth/upload-profile-picture","timestamp":"2025-04-28T12:16:28.433Z"}
{"level":"info","message":"User anonymous accessed POST /auth/upload-profile-picture","timestamp":"2025-04-28T12:17:57.036Z"}
{"level":"info","message":"User anonymous accessed GET /auth/profile","timestamp":"2025-04-28T12:18:43.429Z"}
{"level":"info","message":"User anonymous accessed GET /auth/profile","timestamp":"2025-04-28T12:19:32.508Z"}
{"level":"info","message":"User anonymous accessed POST /auth/login","timestamp":"2025-04-28T12:19:44.700Z"}
{"level":"info","message":"User anonymous accessed GET /auth/profile","timestamp":"2025-04-28T12:19:48.630Z"}
{"level":"info","message":"User anonymous accessed GET /auth/profile","timestamp":"2025-04-28T12:30:35.860Z"}
{"level":"info","message":"User anonymous accessed GET /auth/profile","timestamp":"2025-04-28T12:31:58.906Z"}
{"level":"info","message":"User anonymous accessed GET /auth/profile","timestamp":"2025-04-28T12:32:25.584Z"}
{"level":"info","message":"User anonymous accessed GET /api-docs/","timestamp":"2025-04-29T05:00:50.184Z"}
{"level":"info","message":"User anonymous accessed GET /api-docs/swagger-ui.css","timestamp":"2025-04-29T05:00:50.246Z"}
{"level":"info","message":"User anonymous accessed GET /api-docs/swagger-ui-bundle.js","timestamp":"2025-04-29T05:00:50.254Z"}
{"level":"info","message":"User anonymous accessed GET /api-docs/swagger-ui-standalone-preset.js","timestamp":"2025-04-29T05:00:50.258Z"}
{"level":"info","message":"User anonymous accessed GET /api-docs/swagger-ui-init.js","timestamp":"2025-04-29T05:00:50.264Z"}
{"level":"info","message":"User anonymous accessed GET /api-docs/favicon-32x32.png","timestamp":"2025-04-29T05:00:50.634Z"}
{"level":"info","message":"User anonymous accessed GET /api-docs/","timestamp":"2025-04-29T05:03:05.970Z"}
{"level":"info","message":"User anonymous accessed GET /api-docs/swagger-ui.css","timestamp":"2025-04-29T05:03:06.019Z"}
{"level":"info","message":"User anonymous accessed GET /api-docs/swagger-ui-bundle.js","timestamp":"2025-04-29T05:03:06.027Z"}
{"level":"info","message":"User anonymous accessed GET /api-docs/swagger-ui-standalone-preset.js","timestamp":"2025-04-29T05:03:06.029Z"}
{"level":"info","message":"User anonymous accessed GET /api-docs/swagger-ui-init.js","timestamp":"2025-04-29T05:03:06.031Z"}
{"level":"info","message":"User anonymous accessed GET /api-docs/favicon-32x32.png","timestamp":"2025-04-29T05:03:06.217Z"}
{"level":"info","message":"User anonymous accessed GET /api-docs/","timestamp":"2025-04-29T05:43:28.345Z"}
{"level":"info","message":"User anonymous accessed GET /api-docs/swagger-ui.css","timestamp":"2025-04-29T05:43:28.407Z"}
{"level":"info","message":"User anonymous accessed GET /api-docs/swagger-ui-bundle.js","timestamp":"2025-04-29T05:43:28.412Z"}
{"level":"info","message":"User anonymous accessed GET /api-docs/swagger-ui-standalone-preset.js","timestamp":"2025-04-29T05:43:28.414Z"}
{"level":"info","message":"User anonymous accessed GET /api-docs/swagger-ui-init.js","timestamp":"2025-04-29T05:43:28.416Z"}
{"level":"info","message":"User anonymous accessed GET /api-docs/favicon-32x32.png","timestamp":"2025-04-29T05:43:28.576Z"}
{"level":"info","message":"User anonymous accessed GET /api-docs/","timestamp":"2025-04-29T05:44:21.741Z"}
{"level":"info","message":"User anonymous accessed GET /api-docs/swagger-ui.css","timestamp":"2025-04-29T05:44:21.802Z"}
{"level":"info","message":"User anonymous accessed GET /api-docs/swagger-ui-bundle.js","timestamp":"2025-04-29T05:44:21.808Z"}
{"level":"info","message":"User anonymous accessed GET /api-docs/swagger-ui-standalone-preset.js","timestamp":"2025-04-29T05:44:21.810Z"}
{"level":"info","message":"User anonymous accessed GET /api-docs/swagger-ui-init.js","timestamp":"2025-04-29T05:44:21.816Z"}
{"level":"info","message":"User anonymous accessed GET /api-docs/favicon-32x32.png","timestamp":"2025-04-29T05:44:22.044Z"}
{"level":"info","message":"User anonymous accessed GET /api-docs/","timestamp":"2025-04-29T05:45:21.289Z"}
{"level":"info","message":"User anonymous accessed GET /api-docs/swagger-ui.css","timestamp":"2025-04-29T05:45:21.351Z"}
{"level":"info","message":"User anonymous accessed GET /api-docs/swagger-ui-bundle.js","timestamp":"2025-04-29T05:45:21.358Z"}
{"level":"info","message":"User anonymous accessed GET /api-docs/swagger-ui-standalone-preset.js","timestamp":"2025-04-29T05:45:21.360Z"}
{"level":"info","message":"User anonymous accessed GET /api-docs/swagger-ui-init.js","timestamp":"2025-04-29T05:45:21.362Z"}
{"level":"info","message":"User anonymous accessed GET /api-docs/favicon-32x32.png","timestamp":"2025-04-29T05:45:21.539Z"}
{"level":"info","message":"User anonymous accessed GET /api-docs/","timestamp":"2025-04-29T05:45:49.407Z"}
{"level":"info","message":"User anonymous accessed GET /api-docs/swagger-ui.css","timestamp":"2025-04-29T05:45:49.491Z"}
{"level":"info","message":"User anonymous accessed GET /api-docs/swagger-ui-bundle.js","timestamp":"2025-04-29T05:45:49.498Z"}
{"level":"info","message":"User anonymous accessed GET /api-docs/swagger-ui-standalone-preset.js","timestamp":"2025-04-29T05:45:49.501Z"}
{"level":"info","message":"User anonymous accessed GET /api-docs/swagger-ui-init.js","timestamp":"2025-04-29T05:45:49.503Z"}
{"level":"info","message":"User anonymous accessed GET /api-docs/favicon-32x32.png","timestamp":"2025-04-29T05:45:49.665Z"}
{"level":"info","message":"User anonymous accessed GET /api-docs/","timestamp":"2025-04-29T05:46:11.483Z"}
{"level":"info","message":"User anonymous accessed GET /api-docs/swagger-ui.css","timestamp":"2025-04-29T05:46:11.528Z"}
{"level":"info","message":"User anonymous accessed GET /api-docs/swagger-ui-bundle.js","timestamp":"2025-04-29T05:46:11.533Z"}
{"level":"info","message":"User anonymous accessed GET /api-docs/swagger-ui-standalone-preset.js","timestamp":"2025-04-29T05:46:11.535Z"}
{"level":"info","message":"User anonymous accessed GET /api-docs/swagger-ui-init.js","timestamp":"2025-04-29T05:46:11.537Z"}
{"level":"info","message":"User anonymous accessed GET /api-docs/favicon-32x32.png","timestamp":"2025-04-29T05:46:11.702Z"}
{"level":"info","message":"User anonymous accessed GET /api-docs/","timestamp":"2025-04-29T05:46:34.583Z"}
{"level":"info","message":"User anonymous accessed GET /api-docs/swagger-ui.css","timestamp":"2025-04-29T05:46:34.624Z"}
{"level":"info","message":"User anonymous accessed GET /api-docs/swagger-ui-bundle.js","timestamp":"2025-04-29T05:46:34.632Z"}
{"level":"info","message":"User anonymous accessed GET /api-docs/swagger-ui-standalone-preset.js","timestamp":"2025-04-29T05:46:34.635Z"}
{"level":"info","message":"User anonymous accessed GET /api-docs/swagger-ui-init.js","timestamp":"2025-04-29T05:46:34.641Z"}
{"level":"info","message":"User anonymous accessed GET /api-docs/favicon-32x32.png","timestamp":"2025-04-29T05:46:34.782Z"}
{"level":"info","message":"User anonymous accessed GET /api-docs/","timestamp":"2025-04-29T05:47:43.130Z"}
{"level":"info","message":"User anonymous accessed GET /api-docs/swagger-ui.css","timestamp":"2025-04-29T05:47:43.190Z"}
{"level":"info","message":"User anonymous accessed GET /api-docs/swagger-ui-bundle.js","timestamp":"2025-04-29T05:47:43.199Z"}
{"level":"info","message":"User anonymous accessed GET /api-docs/swagger-ui-standalone-preset.js","timestamp":"2025-04-29T05:47:43.207Z"}
{"level":"info","message":"User anonymous accessed GET /api-docs/swagger-ui-init.js","timestamp":"2025-04-29T05:47:43.210Z"}
{"level":"info","message":"User anonymous accessed GET /api-docs/favicon-32x32.png","timestamp":"2025-04-29T05:47:43.738Z"}
{"level":"info","message":"User anonymous accessed GET /api-docs/","timestamp":"2025-04-29T05:48:07.640Z"}
{"level":"info","message":"User anonymous accessed GET /api-docs/swagger-ui.css","timestamp":"2025-04-29T05:48:07.702Z"}
{"level":"info","message":"User anonymous accessed GET /api-docs/swagger-ui-init.js","timestamp":"2025-04-29T05:48:07.708Z"}
{"level":"info","message":"User anonymous accessed GET /api-docs/swagger-ui-bundle.js","timestamp":"2025-04-29T05:48:07.711Z"}
{"level":"info","message":"User anonymous accessed GET /api-docs/swagger-ui-standalone-preset.js","timestamp":"2025-04-29T05:48:07.713Z"}
{"level":"info","message":"User anonymous accessed GET /api-docs/favicon-32x32.png","timestamp":"2025-04-29T05:48:07.887Z"}
{"level":"info","message":"User anonymous accessed GET /api-docs/","timestamp":"2025-04-29T05:48:24.616Z"}
{"level":"info","message":"User anonymous accessed GET /api-docs/swagger-ui.css","timestamp":"2025-04-29T05:48:24.673Z"}
{"level":"info","message":"User anonymous accessed GET /api-docs/swagger-ui-bundle.js","timestamp":"2025-04-29T05:48:24.687Z"}
{"level":"info","message":"User anonymous accessed GET /api-docs/swagger-ui-standalone-preset.js","timestamp":"2025-04-29T05:48:24.690Z"}
{"level":"info","message":"User anonymous accessed GET /api-docs/swagger-ui-init.js","timestamp":"2025-04-29T05:48:24.692Z"}
{"level":"info","message":"User anonymous accessed GET /api-docs/favicon-32x32.png","timestamp":"2025-04-29T05:48:25.404Z"}
{"level":"info","message":"User anonymous accessed GET /api-docs/","timestamp":"2025-04-29T05:49:19.430Z"}
{"level":"info","message":"User anonymous accessed GET /api-docs/swagger-ui.css","timestamp":"2025-04-29T05:49:19.481Z"}
{"level":"info","message":"User anonymous accessed GET /api-docs/swagger-ui-bundle.js","timestamp":"2025-04-29T05:49:19.491Z"}
{"level":"info","message":"User anonymous accessed GET /api-docs/swagger-ui-standalone-preset.js","timestamp":"2025-04-29T05:49:19.495Z"}
{"level":"info","message":"User anonymous accessed GET /api-docs/swagger-ui-init.js","timestamp":"2025-04-29T05:49:19.500Z"}
{"level":"info","message":"User anonymous accessed GET /api-docs/favicon-32x32.png","timestamp":"2025-04-29T05:49:20.049Z"}
{"level":"info","message":"User anonymous accessed GET /api-docs/","timestamp":"2025-04-29T06:05:32.551Z"}
{"level":"info","message":"User anonymous accessed GET /api-docs/swagger-ui.css","timestamp":"2025-04-29T06:05:32.616Z"}
{"level":"info","message":"User anonymous accessed GET /api-docs/swagger-ui-bundle.js","timestamp":"2025-04-29T06:05:32.628Z"}
{"level":"info","message":"User anonymous accessed GET /api-docs/swagger-ui-standalone-preset.js","timestamp":"2025-04-29T06:05:32.632Z"}
{"level":"info","message":"User anonymous accessed GET /api-docs/swagger-ui-init.js","timestamp":"2025-04-29T06:05:32.637Z"}
{"level":"info","message":"User anonymous accessed GET /api-docs/","timestamp":"2025-04-29T06:06:42.151Z"}
{"level":"info","message":"User anonymous accessed GET /api-docs/swagger-ui.css","timestamp":"2025-04-29T06:06:42.199Z"}
{"level":"info","message":"User anonymous accessed GET /api-docs/swagger-ui-bundle.js","timestamp":"2025-04-29T06:06:42.204Z"}
{"level":"info","message":"User anonymous accessed GET /api-docs/swagger-ui-standalone-preset.js","timestamp":"2025-04-29T06:06:42.206Z"}
{"level":"info","message":"User anonymous accessed GET /api-docs/swagger-ui-init.js","timestamp":"2025-04-29T06:06:42.208Z"}
{"level":"info","message":"User anonymous accessed GET /api-docs/favicon-32x32.png","timestamp":"2025-04-29T06:06:42.419Z"}
{"level":"info","message":"User anonymous accessed GET /api-docs/","timestamp":"2025-04-29T06:07:00.908Z"}
{"level":"info","message":"User anonymous accessed GET /api-docs/swagger-ui.css","timestamp":"2025-04-29T06:07:00.965Z"}
{"level":"info","message":"User anonymous accessed GET /api-docs/swagger-ui-bundle.js","timestamp":"2025-04-29T06:07:00.978Z"}
{"level":"info","message":"User anonymous accessed GET /api-docs/swagger-ui-standalone-preset.js","timestamp":"2025-04-29T06:07:00.983Z"}
{"level":"info","message":"User anonymous accessed GET /api-docs/swagger-ui-init.js","timestamp":"2025-04-29T06:07:00.987Z"}
{"level":"info","message":"User anonymous accessed GET /api-docs/favicon-32x32.png","timestamp":"2025-04-29T06:07:01.605Z"}
{"level":"info","message":"User anonymous accessed POST /videos","timestamp":"2025-04-29T06:09:10.380Z"}
{"level":"info","message":"User anonymous accessed POST /videos","timestamp":"2025-04-29T06:10:04.566Z"}
{"level":"info","message":"User anonymous accessed POST /video","timestamp":"2025-04-29T06:11:49.610Z"}
{"level":"info","message":"User anonymous accessed POST /videos","timestamp":"2025-04-29T06:12:08.385Z"}
{"level":"info","message":"User anonymous accessed POST /auth/login","timestamp":"2025-04-29T06:12:24.510Z"}
{"level":"info","message":"User anonymous accessed POST /videos","timestamp":"2025-04-29T06:12:42.319Z"}
{"level":"info","message":"User anonymous accessed POST /videos","timestamp":"2025-04-29T06:14:20.077Z"}
{"level":"info","message":"User anonymous accessed POST /cetegories","timestamp":"2025-04-29T06:16:33.478Z"}
{"level":"info","message":"User anonymous accessed POST /cetegories","timestamp":"2025-04-29T06:17:29.168Z"}
{"level":"info","message":"User anonymous accessed POST /categories","timestamp":"2025-04-29T06:18:57.152Z"}
{"level":"info","message":"User anonymous accessed POST /videos","timestamp":"2025-04-29T06:19:23.511Z"}
{"level":"info","message":"User anonymous accessed GET /videos","timestamp":"2025-04-29T06:20:28.179Z"}
{"level":"info","message":"User anonymous accessed PATCH /videos/2bb5a695-07ea-4493-95b9-573787d88e8b/approved","timestamp":"2025-04-29T06:21:58.809Z"}
{"level":"info","message":"User anonymous accessed PATCH /videos/2bb5a695-07ea-4493-95b9-573787d88e8b/approve","timestamp":"2025-04-29T06:22:10.030Z"}
{"level":"info","message":"User anonymous accessed GET /videos","timestamp":"2025-04-29T06:22:15.551Z"}
{"level":"info","message":"User anonymous accessed POST /videos","timestamp":"2025-04-29T06:26:50.449Z"}
{"level":"info","message":"User anonymous accessed PATCH /videos/216336c5-d2e8-4386-9e09-d76004528990/approve","timestamp":"2025-04-29T06:27:48.777Z"}
{"level":"info","message":"User anonymous accessed GET /videos","timestamp":"2025-04-29T06:27:55.915Z"}
{"level":"info","message":"User anonymous accessed GET /videos","timestamp":"2025-04-29T06:28:41.223Z"}
{"level":"info","message":"User anonymous accessed GET /videos","timestamp":"2025-04-29T06:28:56.295Z"}
{"level":"info","message":"User anonymous accessed GET /videos","timestamp":"2025-04-29T06:29:27.474Z"}
{"level":"info","message":"User anonymous accessed GET /videos","timestamp":"2025-04-29T06:29:31.028Z"}
{"level":"info","message":"User anonymous accessed GET /videos","timestamp":"2025-04-29T06:29:32.068Z"}
{"level":"info","message":"User anonymous accessed GET /videos","timestamp":"2025-04-29T06:30:07.350Z"}
{"level":"info","message":"User anonymous accessed GET /videos","timestamp":"2025-04-29T06:30:15.426Z"}
{"level":"info","message":"User anonymous accessed GET /videos","timestamp":"2025-04-29T06:30:16.316Z"}
{"level":"info","message":"User anonymous accessed GET /videos","timestamp":"2025-04-29T06:30:31.612Z"}
{"level":"info","message":"User anonymous accessed GET /videos/216336c5-d2e8-4386-9e09-d76004528990","timestamp":"2025-04-29T06:35:05.272Z"}
{"level":"info","message":"User anonymous accessed GET /videos/216336c5-d2e8-4386-9e09-d76004528990","timestamp":"2025-04-29T06:35:16.420Z"}
{"level":"info","message":"User anonymous accessed GET /videos/216336c5-d2e8-4386-9e09-d76004528990","timestamp":"2025-04-29T06:35:21.084Z"}
{"level":"info","message":"User anonymous accessed GET /videos/216336c5-d2e8-4386-9e09-d76004528990","timestamp":"2025-04-29T06:35:24.207Z"}
{"level":"info","message":"User anonymous accessed GET /videos/216336c5-d2e8-4386-9e09-d76004528990","timestamp":"2025-04-29T06:35:28.763Z"}
{"level":"info","message":"User anonymous accessed GET /videos/216336c5-d2e8-4386-9e09-d76004528990","timestamp":"2025-04-29T06:35:43.810Z"}
{"level":"info","message":"User anonymous accessed GET /videos/2bb5a695-07ea-4493-95b9-573787d88e8b","timestamp":"2025-04-29T06:37:18.964Z"}
{"level":"info","message":"User anonymous accessed POST /auth/register","timestamp":"2025-04-29T07:07:45.771Z"}
{"level":"info","message":"User anonymous accessed GET /videos","timestamp":"2025-04-29T07:08:16.728Z"}
{"level":"info","message":"User anonymous accessed POST /videos","timestamp":"2025-04-29T07:08:44.383Z"}
{"level":"info","message":"User anonymous accessed GET /videos","timestamp":"2025-04-29T07:08:52.152Z"}
{"level":"info","message":"User anonymous accessed POST /auth/login","timestamp":"2025-04-29T07:09:21.812Z"}
{"level":"info","message":"User anonymous accessed POST /videos","timestamp":"2025-04-29T07:09:40.598Z"}
{"level":"info","message":"User anonymous accessed GET /videos","timestamp":"2025-04-29T07:09:52.404Z"}
{"level":"info","message":"User anonymous accessed POST /auth/login","timestamp":"2025-04-29T07:12:58.034Z"}
{"level":"info","message":"User anonymous accessed GET /videos","timestamp":"2025-04-29T07:13:05.163Z"}
{"level":"info","message":"User anonymous accessed POST /videos","timestamp":"2025-04-29T07:13:36.143Z"}
{"level":"info","message":"User anonymous accessed GET /videos","timestamp":"2025-04-29T07:13:42.460Z"}
{"level":"info","message":"User anonymous accessed GET /videos/2bb5a695-07ea-4493-95b9-573787d88e8b","timestamp":"2025-04-29T07:14:06.732Z"}
{"level":"info","message":"User anonymous accessed GET /videos/829e23ba-77ad-4a46-a392-2c55dcf4eea8","timestamp":"2025-04-29T07:15:16.197Z"}
{"level":"info","message":"User anonymous accessed GET /videos/829e23ba-77ad-4a46-a392-2c55dcf4eea8","timestamp":"2025-04-29T07:15:41.428Z"}
{"level":"info","message":"User anonymous accessed GET /videos/216336c5-d2e8-4386-9e09-d76004528990","timestamp":"2025-04-29T07:17:47.162Z"}
{"level":"info","message":"User anonymous accessed GET /videos","timestamp":"2025-04-29T07:19:19.475Z"}
{"level":"info","message":"User anonymous accessed GET /videos","timestamp":"2025-04-29T07:19:20.590Z"}
{"level":"info","message":"User anonymous accessed GET /videos","timestamp":"2025-04-29T07:19:49.717Z"}
{"level":"info","message":"User anonymous accessed GET /videos","timestamp":"2025-04-29T07:24:30.585Z"}
{"level":"info","message":"User anonymous accessed GET /videos","timestamp":"2025-04-29T07:25:27.154Z"}
{"level":"info","message":"User anonymous accessed GET /videos","timestamp":"2025-04-29T07:26:10.590Z"}
{"level":"info","message":"User anonymous accessed GET /videos","timestamp":"2025-04-29T07:26:38.997Z"}
{"level":"info","message":"User anonymous accessed GET /videos","timestamp":"2025-04-29T07:26:39.795Z"}
{"level":"info","message":"User anonymous accessed GET /videos","timestamp":"2025-04-29T07:26:40.516Z"}
{"level":"info","message":"User anonymous accessed GET /videos","timestamp":"2025-04-29T07:26:41.111Z"}
{"level":"info","message":"User anonymous accessed GET /videos","timestamp":"2025-04-29T07:26:41.704Z"}
{"level":"info","message":"User anonymous accessed GET /videos","timestamp":"2025-04-29T07:26:42.114Z"}
{"level":"info","message":"User anonymous accessed GET /videos/216336c5-d2e8-4386-9e09-d76004528990","timestamp":"2025-04-29T07:26:49.421Z"}
{"level":"info","message":"User anonymous accessed GET /videos/216336c5-d2e8-4386-9e09-d76004528990","timestamp":"2025-04-29T07:26:54.614Z"}
{"level":"info","message":"User anonymous accessed GET /videos/216336c5-d2e8-4386-9e09-d76004528990","timestamp":"2025-04-29T07:26:55.485Z"}
{"level":"info","message":"User anonymous accessed GET /videos/216336c5-d2e8-4386-9e09-d76004528990","timestamp":"2025-04-29T07:26:56.441Z"}
{"level":"info","message":"User anonymous accessed GET /videos/216336c5-d2e8-4386-9e09-d76004528990","timestamp":"2025-04-29T07:27:25.653Z"}
{"level":"info","message":"User anonymous accessed GET /videos/216336c5-d2e8-4386-9e09-d76004528990","timestamp":"2025-04-29T07:46:07.746Z"}
{"level":"info","message":"User anonymous accessed POST /wallet/but-video","timestamp":"2025-04-29T07:49:07.960Z"}
{"level":"info","message":"User anonymous accessed POST /wallet/buy-video","timestamp":"2025-04-29T07:49:17.836Z"}
{"level":"info","message":"User anonymous accessed POST /wallet/add-amount","timestamp":"2025-04-29T07:54:00.707Z"}
{"level":"info","message":"User anonymous accessed POST /wallet/buy-video","timestamp":"2025-04-29T07:54:14.084Z"}
{"level":"info","message":"User anonymous accessed POST /wallet/add-amount","timestamp":"2025-04-29T07:54:42.951Z"}
{"level":"info","message":"User anonymous accessed POST /wallet/buy-video","timestamp":"2025-04-29T07:54:54.610Z"}
{"level":"info","message":"User anonymous accessed GET /videos/216336c5-d2e8-4386-9e09-d76004528990","timestamp":"2025-04-29T07:55:02.163Z"}
{"level":"info","message":"User anonymous accessed GET /videos/216336c5-d2e8-4386-9e09-d76004528990","timestamp":"2025-04-29T07:55:13.113Z"}
{"level":"info","message":"User anonymous accessed POST /wallet/buy-video","timestamp":"2025-04-29T07:55:33.690Z"}
{"level":"info","message":"User anonymous accessed GET /videos/search?term=hello","timestamp":"2025-04-29T07:56:38.533Z"}
{"level":"info","message":"User anonymous accessed GET /videos/search?term=hello","timestamp":"2025-04-29T07:57:35.941Z"}
{"level":"info","message":"User anonymous accessed GET /videos/search?term=hello","timestamp":"2025-04-29T07:58:30.810Z"}
{"level":"info","message":"User anonymous accessed GET /videos/search?term=hello","timestamp":"2025-04-29T07:59:58.789Z"}
{"level":"info","message":"User anonymous accessed GET /videos/search?term=hello","timestamp":"2025-04-29T07:59:59.906Z"}
{"level":"info","message":"User anonymous accessed GET /videos/search?term=hello","timestamp":"2025-04-29T08:00:48.452Z"}
{"level":"info","message":"User anonymous accessed GET /videos/search?term=hello","timestamp":"2025-04-29T08:01:23.929Z"}
{"level":"info","message":"User anonymous accessed GET /videos/search?term=hello","timestamp":"2025-04-29T08:02:02.214Z"}
{"level":"info","message":"User anonymous accessed GET /videos/search?term=hello","timestamp":"2025-04-29T08:02:03.107Z"}
{"level":"info","message":"User anonymous accessed GET /videos/search?term=hello","timestamp":"2025-04-29T08:02:03.821Z"}
{"level":"info","message":"User anonymous accessed GET /videos/search?term=hello","timestamp":"2025-04-29T08:02:29.149Z"}
{"level":"info","message":"User anonymous accessed GET /videos/search?term=hello","timestamp":"2025-04-29T08:02:29.922Z"}
{"level":"info","message":"User anonymous accessed GET /videos/search?term=hello","timestamp":"2025-04-29T08:02:41.780Z"}
{"level":"info","message":"User anonymous accessed GET /videos/search?term=hello","timestamp":"2025-04-29T08:02:42.790Z"}
{"level":"info","message":"User anonymous accessed GET /videos/search?term=hello","timestamp":"2025-04-29T08:03:30.018Z"}
{"level":"info","message":"User anonymous accessed GET /videos/216336c5-d2e8-4386-9e09-d76004528990","timestamp":"2025-04-29T08:03:52.076Z"}
{"level":"info","message":"User anonymous accessed GET /videos/216336c5-d2e8-4386-9e09-d76004528990","timestamp":"2025-04-29T08:04:05.030Z"}
{"level":"info","message":"User anonymous accessed GET /videos/search?term=hello","timestamp":"2025-04-29T08:04:15.603Z"}
{"level":"info","message":"User anonymous accessed GET /videos/search?term=hello","timestamp":"2025-04-29T08:06:03.396Z"}
{"level":"info","message":"User anonymous accessed GET /videos/search?term=hello","timestamp":"2025-04-29T08:06:04.530Z"}
{"level":"info","message":"User anonymous accessed GET /videos/search?term=hello","timestamp":"2025-04-29T08:06:05.424Z"}
{"level":"info","message":"User anonymous accessed GET /videos/search?term=hello","timestamp":"2025-04-29T08:07:45.996Z"}
{"level":"info","message":"User anonymous accessed GET /videos/search?term=hello","timestamp":"2025-04-29T08:07:47.007Z"}
{"level":"info","message":"User anonymous accessed GET /videos/search?term=hello","timestamp":"2025-04-29T08:07:47.809Z"}
{"level":"info","message":"User anonymous accessed GET /videos/216336c5-d2e8-4386-9e09-d76004528990","timestamp":"2025-04-29T08:07:51.031Z"}
{"level":"info","message":"User anonymous accessed GET /videos/search?term=hello","timestamp":"2025-04-29T08:07:55.760Z"}
{"level":"info","message":"User anonymous accessed GET /videos/search?term=hello","timestamp":"2025-04-29T09:32:54.940Z"}
{"level":"info","message":"User anonymous accessed GET /videos/search?term=hello","timestamp":"2025-04-29T09:32:55.697Z"}
{"level":"info","message":"User anonymous accessed GET /videos/search?term=hello","timestamp":"2025-04-29T09:32:56.363Z"}
{"level":"info","message":"User anonymous accessed GET /videos/search?term=hello","timestamp":"2025-04-29T09:32:57.687Z"}
{"level":"info","message":"User anonymous accessed GET /videos/216336c5-d2e8-4386-9e09-d76004528990","timestamp":"2025-04-29T09:33:13.792Z"}
{"level":"info","message":"User anonymous accessed POST /auth/login","timestamp":"2025-04-29T09:33:20.775Z"}
{"level":"info","message":"User anonymous accessed POST /auth/login","timestamp":"2025-04-29T09:33:29.340Z"}
{"level":"info","message":"User anonymous accessed GET /videos/216336c5-d2e8-4386-9e09-d76004528990","timestamp":"2025-04-29T09:33:33.364Z"}
{"level":"info","message":"User anonymous accessed GET /videos/search?term=hello","timestamp":"2025-04-29T09:33:39.975Z"}
{"level":"info","message":"User anonymous accessed GET /videos/search?term=node","timestamp":"2025-04-29T09:33:43.207Z"}
{"level":"info","message":"User anonymous accessed GET /videos/search?term=google","timestamp":"2025-04-29T09:33:46.537Z"}
{"level":"info","message":"User anonymous accessed GET /videos/search?term=video","timestamp":"2025-04-29T09:33:56.024Z"}
{"level":"info","message":"User anonymous accessed GET /videos/search?term=promotional","timestamp":"2025-04-29T09:34:09.868Z"}
{"level":"info","message":"User anonymous accessed GET /videos/search?term=pramotional","timestamp":"2025-04-29T09:34:15.118Z"}
{"level":"info","message":"User anonymous accessed GET /videos/search?term=new","timestamp":"2025-04-29T09:34:17.314Z"}
{"level":"info","message":"User anonymous accessed GET /videos/search?term=promational","timestamp":"2025-04-29T09:34:23.908Z"}
{"level":"info","message":"User anonymous accessed GET /videos/search?term=hello","timestamp":"2025-04-29T09:34:30.451Z"}
{"level":"info","message":"User anonymous accessed GET /","timestamp":"2025-04-29T12:54:03.373Z"}
{"level":"info","message":"User anonymous accessed GET /","timestamp":"2025-04-29T13:00:27.762Z"}
{"level":"info","message":"User anonymous accessed GET /","timestamp":"2025-04-29T13:03:01.223Z"}
{"level":"info","message":"User anonymous accessed OPTIONS /api/auth/login","timestamp":"2025-05-02T09:26:40.315Z"}
{"level":"info","message":"User anonymous accessed OPTIONS /api/auth/login","timestamp":"2025-05-02T09:27:45.769Z"}
{"level":"info","message":"User anonymous accessed OPTIONS /api/auth/login","timestamp":"2025-05-02T09:28:17.366Z"}
{"level":"info","message":"User anonymous accessed POST /api/auth/login","timestamp":"2025-05-02T09:28:17.370Z"}
{"level":"info","message":"User anonymous accessed OPTIONS /api/auth/register","timestamp":"2025-05-02T09:28:49.910Z"}
{"level":"info","message":"User anonymous accessed POST /api/auth/register","timestamp":"2025-05-02T09:28:49.913Z"}
{"level":"info","message":"User anonymous accessed OPTIONS /api/auth/register","timestamp":"2025-05-02T09:29:08.573Z"}
{"level":"info","message":"User anonymous accessed POST /api/auth/register","timestamp":"2025-05-02T09:29:08.576Z"}
{"level":"info","message":"User anonymous accessed OPTIONS /auth/register","timestamp":"2025-05-02T09:30:14.580Z"}
{"level":"info","message":"User anonymous accessed POST /auth/register","timestamp":"2025-05-02T09:30:14.583Z"}
{"level":"info","message":"User anonymous accessed OPTIONS /auth/login","timestamp":"2025-05-02T09:30:44.813Z"}
{"level":"info","message":"User anonymous accessed POST /auth/login","timestamp":"2025-05-02T09:30:44.817Z"}
{"level":"info","message":"User anonymous accessed OPTIONS /auth/login","timestamp":"2025-05-02T09:31:07.959Z"}
{"level":"info","message":"User anonymous accessed POST /auth/login","timestamp":"2025-05-02T09:31:07.962Z"}
{"level":"info","message":"User anonymous accessed OPTIONS /auth/register","timestamp":"2025-05-02T09:39:09.966Z"}
{"level":"info","message":"User anonymous accessed POST /auth/register","timestamp":"2025-05-02T09:39:09.969Z"}
{"level":"info","message":"User anonymous accessed OPTIONS /auth/register","timestamp":"2025-05-02T09:39:51.662Z"}
{"level":"info","message":"User anonymous accessed POST /auth/register","timestamp":"2025-05-02T09:39:51.666Z"}
{"level":"info","message":"User anonymous accessed GET /auth/profile","timestamp":"2025-05-02T09:55:59.052Z"}
{"level":"info","message":"User anonymous accessed POST /auth/login","timestamp":"2025-05-02T09:56:07.287Z"}
{"level":"info","message":"User anonymous accessed GET /auth/profile","timestamp":"2025-05-02T09:56:14.427Z"}
{"level":"info","message":"User anonymous accessed GET /auth/profile","timestamp":"2025-05-02T10:41:40.103Z"}
{"level":"info","message":"User anonymous accessed GET /auth/profile","timestamp":"2025-05-02T10:41:59.335Z"}
{"level":"info","message":"User anonymous accessed OPTIONS /auth/login","timestamp":"2025-05-02T10:52:46.940Z"}
{"level":"info","message":"User anonymous accessed POST /auth/login","timestamp":"2025-05-02T10:52:46.943Z"}
{"level":"info","message":"User anonymous accessed OPTIONS /auth/login","timestamp":"2025-05-02T10:53:05.582Z"}
{"level":"info","message":"User anonymous accessed POST /auth/login","timestamp":"2025-05-02T10:53:05.585Z"}
{"level":"info","message":"User anonymous accessed OPTIONS /auth/login","timestamp":"2025-05-04T10:20:40.269Z"}
{"level":"info","message":"User anonymous accessed POST /auth/login","timestamp":"2025-05-04T10:20:40.324Z"}
{"level":"info","message":"User anonymous accessed POST /auth/login","timestamp":"2025-05-04T11:20:05.896Z"}
{"level":"info","message":"User anonymous accessed POST /auth/login","timestamp":"2025-05-04T11:20:59.009Z"}
{"level":"info","message":"User anonymous accessed POST /auth/login","timestamp":"2025-05-04T11:24:12.733Z"}
{"level":"info","message":"User anonymous accessed GET /auth/profile","timestamp":"2025-05-04T11:24:29.306Z"}
{"level":"info","message":"User anonymous accessed OPTIONS /auth/login","timestamp":"2025-05-04T11:46:26.085Z"}
{"level":"info","message":"User anonymous accessed POST /auth/login","timestamp":"2025-05-04T11:46:26.101Z"}
{"level":"info","message":"User anonymous accessed OPTIONS /auth/login","timestamp":"2025-05-04T11:47:41.578Z"}
{"level":"info","message":"User anonymous accessed POST /auth/login","timestamp":"2025-05-04T11:47:41.582Z"}
{"level":"info","message":"User anonymous accessed GET /auth/profile","timestamp":"2025-05-04T11:47:41.696Z"}
{"level":"info","message":"User anonymous accessed GET /auth/profile","timestamp":"2025-05-04T11:48:03.603Z"}
{"level":"info","message":"User anonymous accessed GET /auth/profile","timestamp":"2025-05-04T11:48:25.803Z"}
{"level":"info","message":"User anonymous accessed GET /auth/profile","timestamp":"2025-05-04T11:48:31.535Z"}
{"level":"info","message":"User anonymous accessed GET /auth/profile","timestamp":"2025-05-04T11:48:35.395Z"}
{"level":"info","message":"User anonymous accessed GET /auth/profile","timestamp":"2025-05-04T11:48:47.398Z"}
{"level":"info","message":"User anonymous accessed GET /auth/profile","timestamp":"2025-05-04T11:49:18.585Z"}
{"level":"info","message":"User anonymous accessed OPTIONS /auth/login","timestamp":"2025-05-04T11:49:33.335Z"}
{"level":"info","message":"User anonymous accessed POST /auth/login","timestamp":"2025-05-04T11:49:33.338Z"}
{"level":"info","message":"User anonymous accessed GET /auth/profile","timestamp":"2025-05-04T11:49:36.451Z"}
{"level":"info","message":"User anonymous accessed GET /auth/profile","timestamp":"2025-05-04T11:50:55.738Z"}
{"level":"info","message":"User anonymous accessed GET /auth/profile","timestamp":"2025-05-04T11:51:32.098Z"}
{"level":"info","message":"User anonymous accessed GET /auth/profile","timestamp":"2025-05-04T11:51:33.583Z"}
{"level":"info","message":"User anonymous accessed GET /auth/profile","timestamp":"2025-05-04T11:53:51.669Z"}
{"level":"info","message":"User anonymous accessed GET /auth/profile","timestamp":"2025-05-04T11:54:20.763Z"}
{"level":"info","message":"User anonymous accessed GET /auth/profile","timestamp":"2025-05-04T11:54:39.679Z"}
{"level":"info","message":"User anonymous accessed GET /auth/profile","timestamp":"2025-05-04T11:54:46.133Z"}
{"level":"info","message":"User anonymous accessed OPTIONS /auth/login","timestamp":"2025-05-04T11:54:53.036Z"}
{"level":"info","message":"User anonymous accessed POST /auth/login","timestamp":"2025-05-04T11:54:53.039Z"}
{"level":"info","message":"User anonymous accessed GET /auth/profile","timestamp":"2025-05-04T11:55:04.634Z"}
{"level":"info","message":"User anonymous accessed OPTIONS /auth/login","timestamp":"2025-05-04T11:55:16.142Z"}
{"level":"info","message":"User anonymous accessed POST /auth/login","timestamp":"2025-05-04T11:55:16.144Z"}
{"level":"info","message":"User anonymous accessed GET /auth/profile","timestamp":"2025-05-04T11:56:22.947Z"}
{"level":"info","message":"User anonymous accessed GET /auth/profile","timestamp":"2025-05-04T11:56:27.932Z"}
{"level":"info","message":"User anonymous accessed GET /auth/profile","timestamp":"2025-05-04T11:59:59.798Z"}
{"level":"info","message":"User anonymous accessed GET /auth/profile","timestamp":"2025-05-04T12:00:00.533Z"}
{"level":"info","message":"User anonymous accessed GET /auth/profile","timestamp":"2025-05-04T12:02:02.388Z"}
{"level":"info","message":"User anonymous accessed GET /auth/profile","timestamp":"2025-05-04T12:02:03.235Z"}
{"level":"info","message":"User anonymous accessed GET /auth/profile","timestamp":"2025-05-04T12:02:03.721Z"}
{"level":"info","message":"User anonymous accessed OPTIONS /auth/login","timestamp":"2025-05-04T12:02:14.459Z"}
{"level":"info","message":"User anonymous accessed POST /auth/login","timestamp":"2025-05-04T12:02:14.462Z"}
{"level":"info","message":"User anonymous accessed GET /auth/profile","timestamp":"2025-05-04T12:02:19.970Z"}
{"level":"info","message":"User anonymous accessed GET /auth/profile","timestamp":"2025-05-04T12:02:52.155Z"}
{"level":"info","message":"User anonymous accessed GET /auth/profile","timestamp":"2025-05-04T12:02:52.712Z"}
{"level":"info","message":"User anonymous accessed GET /auth/profile","timestamp":"2025-05-04T12:02:53.147Z"}
{"level":"info","message":"User anonymous accessed OPTIONS /auth/login","timestamp":"2025-05-04T12:03:02.141Z"}
{"level":"info","message":"User anonymous accessed POST /auth/login","timestamp":"2025-05-04T12:03:02.143Z"}
{"level":"info","message":"User anonymous accessed GET /auth/profile","timestamp":"2025-05-04T12:03:05.724Z"}
{"level":"info","message":"User anonymous accessed GET /auth/profile","timestamp":"2025-05-04T12:03:06.477Z"}
{"level":"info","message":"User anonymous accessed OPTIONS /auth/login","timestamp":"2025-05-04T12:06:01.099Z"}
{"level":"info","message":"User anonymous accessed POST /auth/login","timestamp":"2025-05-04T12:06:01.109Z"}
{"level":"info","message":"User anonymous accessed OPTIONS /auth/login","timestamp":"2025-05-04T12:06:13.931Z"}
{"level":"info","message":"User anonymous accessed POST /auth/login","timestamp":"2025-05-04T12:06:13.943Z"}
{"level":"info","message":"User anonymous accessed OPTIONS /auth/login","timestamp":"2025-05-04T12:06:34.528Z"}
{"level":"info","message":"User anonymous accessed POST /auth/login","timestamp":"2025-05-04T12:06:34.540Z"}
{"level":"info","message":"User anonymous accessed OPTIONS /auth/login","timestamp":"2025-05-04T12:06:46.819Z"}
{"level":"info","message":"User anonymous accessed POST /auth/login","timestamp":"2025-05-04T12:06:46.830Z"}
{"level":"info","message":"User anonymous accessed OPTIONS /auth/login","timestamp":"2025-05-04T12:07:25.021Z"}
{"level":"info","message":"User anonymous accessed POST /auth/login","timestamp":"2025-05-04T12:07:25.034Z"}
{"level":"info","message":"User anonymous accessed OPTIONS /auth/login","timestamp":"2025-05-04T12:07:32.864Z"}
{"level":"info","message":"User anonymous accessed POST /auth/login","timestamp":"2025-05-04T12:07:32.875Z"}
{"level":"info","message":"User anonymous accessed GET /auth/profile","timestamp":"2025-05-04T12:07:58.802Z"}
{"level":"info","message":"User anonymous accessed GET /auth/profile","timestamp":"2025-05-04T12:07:59.507Z"}
{"level":"info","message":"User anonymous accessed GET /auth/profile","timestamp":"2025-05-04T12:07:59.732Z"}
{"level":"info","message":"User anonymous accessed GET /auth/profile","timestamp":"2025-05-04T12:08:00.107Z"}
{"level":"info","message":"User anonymous accessed GET /auth/profile","timestamp":"2025-05-04T12:08:00.338Z"}
{"level":"info","message":"User anonymous accessed GET /auth/profile","timestamp":"2025-05-04T12:08:09.846Z"}
{"level":"info","message":"User anonymous accessed GET /auth/profile","timestamp":"2025-05-04T12:08:22.052Z"}
{"level":"info","message":"User anonymous accessed GET /auth/profile","timestamp":"2025-05-04T12:08:40.502Z"}
{"level":"info","message":"User anonymous accessed OPTIONS /auth/login","timestamp":"2025-05-04T12:08:47.393Z"}
{"level":"info","message":"User anonymous accessed POST /auth/login","timestamp":"2025-05-04T12:08:47.399Z"}
{"level":"info","message":"User anonymous accessed GET /auth/profile","timestamp":"2025-05-04T12:08:53.526Z"}
{"level":"info","message":"User anonymous accessed GET /auth/profile","timestamp":"2025-05-04T12:10:58.399Z"}
{"level":"info","message":"User anonymous accessed GET /auth/profile","timestamp":"2025-05-04T12:11:15.676Z"}
{"level":"info","message":"User anonymous accessed GET /auth/profile","timestamp":"2025-05-04T12:11:42.463Z"}
{"level":"info","message":"User anonymous accessed GET /auth/profile","timestamp":"2025-05-04T12:14:54.918Z"}
{"level":"info","message":"User anonymous accessed GET /auth/profile","timestamp":"2025-05-04T12:15:28.774Z"}
{"level":"info","message":"User anonymous accessed GET /auth/profile","timestamp":"2025-05-04T12:15:32.537Z"}
{"level":"info","message":"User anonymous accessed GET /auth/profile","timestamp":"2025-05-04T12:15:46.440Z"}
{"level":"info","message":"User anonymous accessed GET /auth/profile","timestamp":"2025-05-04T12:15:49.198Z"}
{"level":"info","message":"User anonymous accessed OPTIONS /auth/login","timestamp":"2025-05-04T12:16:01.810Z"}
{"level":"info","message":"User anonymous accessed POST /auth/login","timestamp":"2025-05-04T12:16:01.814Z"}
{"level":"info","message":"User anonymous accessed GET /auth/profile","timestamp":"2025-05-04T12:17:12.749Z"}
{"level":"info","message":"User anonymous accessed GET /auth/profile","timestamp":"2025-05-04T12:19:30.251Z"}
{"level":"info","message":"User anonymous accessed GET /auth/profile","timestamp":"2025-05-04T12:19:56.497Z"}
{"level":"info","message":"User anonymous accessed GET /auth/profile","timestamp":"2025-05-04T12:20:03.440Z"}
{"level":"info","message":"User anonymous accessed GET /auth/profile","timestamp":"2025-05-04T12:20:07.838Z"}
{"level":"info","message":"User anonymous accessed GET /auth/profile","timestamp":"2025-05-04T12:20:09.231Z"}
{"level":"info","message":"User anonymous accessed GET /videos","timestamp":"2025-05-04T12:22:01.335Z"}
{"level":"info","message":"User anonymous accessed GET /auth/profile","timestamp":"2025-05-04T12:36:01.703Z"}
{"level":"info","message":"User anonymous accessed GET /auth/profile","timestamp":"2025-05-04T12:38:22.753Z"}
{"level":"info","message":"User anonymous accessed GET /videos?page=1&limit=4","timestamp":"2025-05-04T12:43:05.075Z"}
{"level":"info","message":"User anonymous accessed GET /videos?page=1&limit=4","timestamp":"2025-05-04T12:43:07.098Z"}
{"level":"info","message":"User anonymous accessed GET /videos?page=1&limit=4","timestamp":"2025-05-04T12:43:11.113Z"}
{"level":"info","message":"User anonymous accessed GET /videos?page=1&limit=4","timestamp":"2025-05-04T12:43:11.708Z"}
{"level":"info","message":"User anonymous accessed GET /videos?page=1&limit=4","timestamp":"2025-05-04T12:43:12.725Z"}
{"level":"info","message":"User anonymous accessed GET /videos?page=1&limit=4","timestamp":"2025-05-04T12:43:14.740Z"}
{"level":"info","message":"User anonymous accessed GET /videos?page=1&limit=4","timestamp":"2025-05-04T12:43:18.750Z"}
{"level":"info","message":"User anonymous accessed GET /videos?page=1&limit=4","timestamp":"2025-05-04T12:44:05.039Z"}
{"level":"info","message":"User anonymous accessed GET /videos?page=1&limit=4","timestamp":"2025-05-04T12:44:06.059Z"}
{"level":"info","message":"User anonymous accessed GET /videos?page=1&limit=4","timestamp":"2025-05-04T12:44:08.069Z"}
{"level":"info","message":"User anonymous accessed GET /videos?limit=4","timestamp":"2025-05-04T12:44:12.083Z"}
{"level":"info","message":"User anonymous accessed GET /videos?limit=4","timestamp":"2025-05-04T12:44:16.556Z"}
{"level":"info","message":"User anonymous accessed GET /videos?page=1&limit=4","timestamp":"2025-05-04T12:44:17.567Z"}
{"level":"info","message":"User anonymous accessed GET /videos?page=1&limit=4","timestamp":"2025-05-04T12:44:19.580Z"}
{"level":"info","message":"User anonymous accessed GET /videos?page=1&limit=4","timestamp":"2025-05-04T12:44:23.596Z"}
{"level":"info","message":"User anonymous accessed GET /videos?page=1&limit=4","timestamp":"2025-05-04T12:45:02.986Z"}
{"level":"info","message":"User anonymous accessed GET /auth/profile","timestamp":"2025-05-04T12:45:02.994Z"}
{"level":"info","message":"User anonymous accessed GET /videos?page=1&limit=4","timestamp":"2025-05-04T12:45:04.010Z"}
{"level":"info","message":"User anonymous accessed GET /videos?page=1&limit=4","timestamp":"2025-05-04T12:45:06.020Z"}
{"level":"info","message":"User anonymous accessed GET /videos?page=1&limit=4","timestamp":"2025-05-04T12:45:10.032Z"}
{"level":"info","message":"User anonymous accessed GET /videos?page=1&limit=4","timestamp":"2025-05-04T12:45:14.080Z"}
{"level":"info","message":"User anonymous accessed GET /auth/profile","timestamp":"2025-05-04T12:45:14.117Z"}
{"level":"info","message":"User anonymous accessed GET /videos?page=1&limit=4","timestamp":"2025-05-04T12:45:15.129Z"}
{"level":"info","message":"User anonymous accessed GET /videos?page=1&limit=4","timestamp":"2025-05-04T12:45:17.141Z"}
{"level":"info","message":"User anonymous accessed GET /videos?page=1&limit=4","timestamp":"2025-05-04T12:45:21.155Z"}
{"level":"info","message":"User anonymous accessed GET /videos?page=1&limit=4","timestamp":"2025-05-04T12:46:11.286Z"}
{"level":"info","message":"User anonymous accessed GET /videos?page=1&limit=4","timestamp":"2025-05-04T12:46:12.305Z"}
{"level":"info","message":"User anonymous accessed GET /videos?page=1&limit=4","timestamp":"2025-05-04T12:46:13.309Z"}
{"level":"info","message":"User anonymous accessed GET /videos?page=1&limit=4","timestamp":"2025-05-04T12:46:27.512Z"}
{"level":"info","message":"User anonymous accessed GET /auth/profile","timestamp":"2025-05-04T12:46:27.531Z"}
{"level":"info","message":"User anonymous accessed GET /videos?page=1&limit=12","timestamp":"2025-05-04T12:46:40.350Z"}
{"level":"info","message":"User anonymous accessed GET /videos?page=1&limit=4","timestamp":"2025-05-04T12:46:42.678Z"}
{"level":"info","message":"User anonymous accessed GET /categories-with-video-count","timestamp":"2025-05-04T12:52:17.067Z"}
{"level":"info","message":"User anonymous accessed GET /videos/categories-with-video-count","timestamp":"2025-05-04T12:52:31.497Z"}
{"level":"info","message":"User anonymous accessed GET /videos/categories-with-video-count","timestamp":"2025-05-04T12:52:38.576Z"}
{"level":"info","message":"User anonymous accessed POST /auth/login","timestamp":"2025-05-04T12:52:42.197Z"}
{"level":"info","message":"User anonymous accessed GET /videos/categories-with-video-count","timestamp":"2025-05-04T12:52:45.258Z"}
{"level":"info","message":"User anonymous accessed GET /videos/categories-with-video-count","timestamp":"2025-05-04T12:54:06.507Z"}
{"level":"info","message":"User anonymous accessed GET /videos/categories-with-video-count","timestamp":"2025-05-04T12:54:08.056Z"}
{"level":"info","message":"User anonymous accessed GET /categories/categories-with-video-count","timestamp":"2025-05-04T12:54:50.410Z"}
{"level":"info","message":"User anonymous accessed GET /videos/popular-categories","timestamp":"2025-05-04T13:04:42.424Z"}
{"level":"info","message":"User anonymous accessed GET /categories/popular-categories","timestamp":"2025-05-04T13:04:55.270Z"}
{"level":"info","message":"User anonymous accessed GET /categories/categories-with-video-count","timestamp":"2025-05-04T13:09:22.831Z"}
{"level":"info","message":"User anonymous accessed GET /categories/popular-categories","timestamp":"2025-05-04T13:09:30.470Z"}
{"level":"info","message":"User anonymous accessed GET /categories/popular-categories","timestamp":"2025-05-04T13:09:40.435Z"}
{"level":"info","message":"User anonymous accessed GET /categories/popular-categories","timestamp":"2025-05-04T13:09:41.183Z"}
{"level":"info","message":"User anonymous accessed GET /categories/popular-categories","timestamp":"2025-05-04T13:09:41.802Z"}
{"level":"info","message":"User anonymous accessed GET /categories/popular-categories","timestamp":"2025-05-04T13:09:42.449Z"}
{"level":"info","message":"User anonymous accessed GET /categories/popular-categories","timestamp":"2025-05-04T13:09:42.851Z"}
{"level":"info","message":"User anonymous accessed GET /categories/popular-categories","timestamp":"2025-05-04T13:09:43.073Z"}
{"level":"info","message":"User anonymous accessed GET /categories/popular-categories","timestamp":"2025-05-04T13:09:52.734Z"}
{"level":"info","message":"User anonymous accessed GET /categories/popular-categories","timestamp":"2025-05-04T13:09:53.516Z"}
{"level":"info","message":"User anonymous accessed GET /categories/popular-categories","timestamp":"2025-05-04T13:09:54.048Z"}
{"level":"info","message":"User anonymous accessed GET /categories/popular-categories","timestamp":"2025-05-04T13:09:54.269Z"}
{"level":"info","message":"User anonymous accessed GET /categories/popular-categories","timestamp":"2025-05-04T13:09:54.498Z"}
{"level":"info","message":"User anonymous accessed GET /categories/popular-categories","timestamp":"2025-05-04T13:09:54.716Z"}
{"level":"info","message":"User anonymous accessed GET /categories/popular-categories","timestamp":"2025-05-04T13:09:54.932Z"}
{"level":"info","message":"User anonymous accessed GET /categories/popular-categories","timestamp":"2025-05-04T13:09:55.103Z"}
{"level":"info","message":"User anonymous accessed GET /categories/popular-categories","timestamp":"2025-05-04T13:09:55.314Z"}
{"level":"info","message":"User anonymous accessed GET /categories/popular-categories","timestamp":"2025-05-04T13:09:55.473Z"}
{"level":"info","message":"User anonymous accessed GET /categories/popular-categories","timestamp":"2025-05-04T13:09:55.661Z"}
{"level":"info","message":"User anonymous accessed GET /categories/popular-categories","timestamp":"2025-05-04T13:09:56.458Z"}
{"level":"info","message":"User anonymous accessed GET /categories/popular-categories","timestamp":"2025-05-04T13:09:56.607Z"}
{"level":"info","message":"User anonymous accessed GET /categories/popular-categories","timestamp":"2025-05-04T13:09:56.813Z"}
{"level":"info","message":"User anonymous accessed GET /categories/popular-categories","timestamp":"2025-05-04T13:09:56.988Z"}
{"level":"info","message":"User anonymous accessed GET /categories/popular-categories","timestamp":"2025-05-04T13:09:57.196Z"}
{"level":"info","message":"User anonymous accessed GET /categories/popular-categories","timestamp":"2025-05-04T13:09:57.365Z"}
{"level":"info","message":"User anonymous accessed GET /categories/popular-categories","timestamp":"2025-05-04T13:09:57.564Z"}
{"level":"info","message":"User anonymous accessed GET /videos?page=1&limit=12","timestamp":"2025-05-04T13:12:21.875Z"}
{"level":"info","message":"User anonymous accessed GET /videos?page=1&limit=4","timestamp":"2025-05-04T13:12:29.205Z"}
{"level":"info","message":"User anonymous accessed GET /categories/popular-categories","timestamp":"2025-05-04T13:19:18.780Z"}
{"level":"info","message":"User anonymous accessed GET /videos?page=1&limit=4","timestamp":"2025-05-04T13:19:18.783Z"}
{"level":"info","message":"User anonymous accessed GET /videos?page=1&limit=4","timestamp":"2025-05-04T13:19:21.474Z"}
{"level":"info","message":"User anonymous accessed GET /categories/popular-categories","timestamp":"2025-05-04T13:19:21.476Z"}
{"level":"info","message":"User anonymous accessed GET /videos?page=1&limit=4","timestamp":"2025-05-04T13:19:37.830Z"}
{"level":"info","message":"User anonymous accessed GET /categories/popular-categories","timestamp":"2025-05-04T13:19:37.837Z"}
{"level":"info","message":"User anonymous accessed GET /auth/profile","timestamp":"2025-05-04T13:19:37.848Z"}
{"level":"info","message":"User anonymous accessed GET /videos?page=1&limit=4","timestamp":"2025-05-04T13:20:31.835Z"}
{"level":"info","message":"User anonymous accessed GET /categories/popular-categories","timestamp":"2025-05-04T13:20:31.838Z"}
{"level":"info","message":"User anonymous accessed GET /auth/profile","timestamp":"2025-05-04T13:20:31.842Z"}
{"level":"info","message":"User anonymous accessed OPTIONS /auth/login","timestamp":"2025-05-04T13:20:39.355Z"}
{"level":"info","message":"User anonymous accessed POST /auth/login","timestamp":"2025-05-04T13:20:39.357Z"}
{"level":"info","message":"User anonymous accessed GET /videos?page=1&limit=4","timestamp":"2025-05-04T13:20:39.471Z"}
{"level":"info","message":"User anonymous accessed GET /categories/popular-categories","timestamp":"2025-05-04T13:20:39.472Z"}
{"level":"info","message":"User anonymous accessed GET /videos?page=1&limit=4","timestamp":"2025-05-04T13:20:44.516Z"}
{"level":"info","message":"User anonymous accessed GET /categories/popular-categories","timestamp":"2025-05-04T13:20:44.521Z"}
{"level":"info","message":"User anonymous accessed GET /auth/profile","timestamp":"2025-05-04T13:20:44.528Z"}
{"level":"info","message":"User anonymous accessed GET /videos?page=1&limit=4","timestamp":"2025-05-04T13:20:47.899Z"}
{"level":"info","message":"User anonymous accessed GET /categories/popular-categories","timestamp":"2025-05-04T13:20:47.907Z"}
{"level":"info","message":"User anonymous accessed GET /auth/profile","timestamp":"2025-05-04T13:20:47.915Z"}
{"level":"info","message":"User anonymous accessed GET /auth/profile","timestamp":"2025-05-04T13:21:25.898Z"}
{"level":"info","message":"User anonymous accessed GET /auth/profile","timestamp":"2025-05-04T13:21:38.540Z"}
{"level":"info","message":"User anonymous accessed GET /videos?page=1&limit=4","timestamp":"2025-05-04T13:21:38.564Z"}
{"level":"info","message":"User anonymous accessed GET /categories/popular-categories","timestamp":"2025-05-04T13:21:38.565Z"}
{"level":"info","message":"User anonymous accessed GET /videos?page=1&limit=4","timestamp":"2025-05-04T13:21:56.943Z"}
{"level":"info","message":"User anonymous accessed GET /categories/popular-categories","timestamp":"2025-05-04T13:21:56.946Z"}
{"level":"info","message":"User anonymous accessed GET /videos?page=1&limit=4","timestamp":"2025-05-04T13:22:08.376Z"}
{"level":"info","message":"User anonymous accessed GET /categories/popular-categories","timestamp":"2025-05-04T13:22:08.377Z"}
{"level":"info","message":"User anonymous accessed GET /videos?page=1&limit=4","timestamp":"2025-05-04T13:22:11.276Z"}
{"level":"info","message":"User anonymous accessed GET /categories/popular-categories","timestamp":"2025-05-04T13:22:11.277Z"}
{"level":"info","message":"User anonymous accessed GET /videos/216336c5-d2e8-4386-9e09-d76004528990","timestamp":"2025-05-04T13:23:32.489Z"}
{"level":"info","message":"User anonymous accessed GET /videos?page=1&limit=4","timestamp":"2025-05-04T13:31:04.620Z"}
{"level":"info","message":"User anonymous accessed GET /categories/popular-categories","timestamp":"2025-05-04T13:31:04.628Z"}
{"level":"info","message":"User anonymous accessed GET /auth/profile","timestamp":"2025-05-04T13:31:04.631Z"}
{"level":"info","message":"User anonymous accessed GET /videos?page=1&limit=4","timestamp":"2025-05-04T13:32:23.535Z"}
{"level":"info","message":"User anonymous accessed GET /categories/popular-categories","timestamp":"2025-05-04T13:32:23.545Z"}
{"level":"info","message":"User anonymous accessed GET /videos?page=1&limit=4","timestamp":"2025-05-04T13:32:59.748Z"}
{"level":"info","message":"User anonymous accessed GET /categories/popular-categories","timestamp":"2025-05-04T13:32:59.754Z"}
{"level":"info","message":"User anonymous accessed GET /categories/popular-categories","timestamp":"2025-05-04T13:33:43.168Z"}
{"level":"info","message":"User anonymous accessed GET /videos?page=1&limit=4","timestamp":"2025-05-04T13:33:43.174Z"}
{"level":"info","message":"User anonymous accessed GET /videos?page=1&limit=4","timestamp":"2025-05-04T13:33:43.266Z"}
{"level":"info","message":"User anonymous accessed GET /categories/popular-categories","timestamp":"2025-05-04T13:33:43.266Z"}
{"level":"info","message":"User anonymous accessed GET /videos?page=1&limit=4","timestamp":"2025-05-04T13:33:55.977Z"}
{"level":"info","message":"User anonymous accessed GET /categories/popular-categories","timestamp":"2025-05-04T13:33:55.978Z"}
{"level":"info","message":"User anonymous accessed GET /videos?page=1&limit=4","timestamp":"2025-05-04T13:34:11.414Z"}
{"level":"info","message":"User anonymous accessed GET /categories/popular-categories","timestamp":"2025-05-04T13:34:11.419Z"}
{"level":"info","message":"User anonymous accessed GET /auth/profile","timestamp":"2025-05-04T13:34:11.424Z"}
{"level":"info","message":"User anonymous accessed GET /video/2bb5a695-07ea-4493-95b9-573787d88e8b","timestamp":"2025-05-04T13:34:16.304Z"}
{"level":"info","message":"User anonymous accessed GET /video/2bb5a695-07ea-4493-95b9-573787d88e8b","timestamp":"2025-05-04T13:34:17.316Z"}
{"level":"info","message":"User anonymous accessed GET /video/2bb5a695-07ea-4493-95b9-573787d88e8b","timestamp":"2025-05-04T13:34:19.327Z"}
{"level":"info","message":"User anonymous accessed GET /video/2bb5a695-07ea-4493-95b9-573787d88e8b","timestamp":"2025-05-04T13:34:23.338Z"}
{"level":"info","message":"User anonymous accessed GET /videos?page=1&limit=4","timestamp":"2025-05-04T13:34:54.818Z"}
{"level":"info","message":"User anonymous accessed GET /categories/popular-categories","timestamp":"2025-05-04T13:34:54.822Z"}
{"level":"info","message":"User anonymous accessed GET /video/2bb5a695-07ea-4493-95b9-573787d88e8b","timestamp":"2025-05-04T13:34:59.852Z"}
{"level":"info","message":"User anonymous accessed GET /video/2bb5a695-07ea-4493-95b9-573787d88e8b","timestamp":"2025-05-04T13:35:00.861Z"}
{"level":"info","message":"User anonymous accessed GET /video/2bb5a695-07ea-4493-95b9-573787d88e8b","timestamp":"2025-05-04T13:35:02.872Z"}
{"level":"info","message":"User anonymous accessed GET /video/2bb5a695-07ea-4493-95b9-573787d88e8b","timestamp":"2025-05-04T13:35:06.885Z"}
{"level":"info","message":"User anonymous accessed GET /video/2bb5a695-07ea-4493-95b9-573787d88e8b","timestamp":"2025-05-04T13:35:16.972Z"}
{"level":"info","message":"User anonymous accessed GET /videos/2bb5a695-07ea-4493-95b9-573787d88e8b","timestamp":"2025-05-04T13:35:17.982Z"}
{"level":"info","message":"User anonymous accessed GET /videos/2bb5a695-07ea-4493-95b9-573787d88e8b","timestamp":"2025-05-04T13:35:19.990Z"}
{"level":"info","message":"User anonymous accessed GET /videos/2bb5a695-07ea-4493-95b9-573787d88e8b","timestamp":"2025-05-04T13:35:24.001Z"}
{"level":"info","message":"User anonymous accessed GET /videos/2bb5a695-07ea-4493-95b9-573787d88e8b","timestamp":"2025-05-04T13:35:26.368Z"}
{"level":"info","message":"User anonymous accessed GET /auth/profile","timestamp":"2025-05-04T13:35:26.377Z"}
{"level":"info","message":"User anonymous accessed GET /videos/2bb5a695-07ea-4493-95b9-573787d88e8b","timestamp":"2025-05-04T13:35:27.393Z"}
{"level":"info","message":"User anonymous accessed GET /videos/2bb5a695-07ea-4493-95b9-573787d88e8b","timestamp":"2025-05-04T13:35:29.403Z"}
{"level":"info","message":"User anonymous accessed GET /videos/2bb5a695-07ea-4493-95b9-573787d88e8b","timestamp":"2025-05-04T13:35:33.412Z"}
{"level":"info","message":"User anonymous accessed GET /videos?page=1&limit=4","timestamp":"2025-05-04T13:35:40.708Z"}
{"level":"info","message":"User anonymous accessed GET /categories/popular-categories","timestamp":"2025-05-04T13:35:40.710Z"}
{"level":"info","message":"User anonymous accessed GET /videos/2bb5a695-07ea-4493-95b9-573787d88e8b","timestamp":"2025-05-04T13:36:18.394Z"}
{"level":"info","message":"User anonymous accessed GET /categories/popular-categories","timestamp":"2025-05-04T13:36:44.085Z"}
{"level":"info","message":"User anonymous accessed GET /videos?page=1&limit=4","timestamp":"2025-05-04T13:36:44.089Z"}
{"level":"info","message":"User anonymous accessed GET /videos/829e23ba-77ad-4a46-a392-2c55dcf4eea8","timestamp":"2025-05-04T13:36:46.985Z"}
{"level":"info","message":"User anonymous accessed GET /videos?page=1&limit=4","timestamp":"2025-05-04T13:37:01.658Z"}
{"level":"info","message":"User anonymous accessed GET /categories/popular-categories","timestamp":"2025-05-04T13:37:01.660Z"}
{"level":"info","message":"User anonymous accessed GET /auth/profile","timestamp":"2025-05-04T13:37:36.512Z"}
{"level":"info","message":"User anonymous accessed GET /categories/popular-categories","timestamp":"2025-05-04T13:37:38.134Z"}
{"level":"info","message":"User anonymous accessed GET /videos?page=1&limit=4","timestamp":"2025-05-04T13:37:38.137Z"}
{"level":"info","message":"User anonymous accessed GET /videos?page=1&limit=4","timestamp":"2025-05-04T13:39:14.027Z"}
{"level":"info","message":"User anonymous accessed GET /categories/popular-categories","timestamp":"2025-05-04T13:39:14.054Z"}
{"level":"info","message":"User anonymous accessed GET /auth/profile","timestamp":"2025-05-04T13:40:13.464Z"}
{"level":"info","message":"User anonymous accessed GET /auth/profile","timestamp":"2025-05-04T13:40:27.418Z"}
{"level":"info","message":"User anonymous accessed GET /auth/profile","timestamp":"2025-05-04T13:40:28.928Z"}
{"level":"info","message":"User anonymous accessed GET /videos?page=1&limit=4","timestamp":"2025-05-04T13:40:34.128Z"}
{"level":"info","message":"User anonymous accessed GET /categories/popular-categories","timestamp":"2025-05-04T13:40:34.130Z"}
{"level":"info","message":"User anonymous accessed GET /videos/2bb5a695-07ea-4493-95b9-573787d88e8b","timestamp":"2025-05-04T13:40:36.972Z"}
{"level":"info","message":"User anonymous accessed GET /videos?page=1&limit=4","timestamp":"2025-05-04T13:40:37.663Z"}
{"level":"info","message":"User anonymous accessed GET /categories/popular-categories","timestamp":"2025-05-04T13:40:37.666Z"}
{"level":"info","message":"User anonymous accessed GET /videos/216336c5-d2e8-4386-9e09-d76004528990","timestamp":"2025-05-04T13:40:38.987Z"}
{"level":"info","message":"User anonymous accessed GET /videos?page=1&limit=4","timestamp":"2025-05-04T13:40:47.986Z"}
{"level":"info","message":"User anonymous accessed GET /categories/popular-categories","timestamp":"2025-05-04T13:40:47.988Z"}
{"level":"info","message":"User anonymous accessed GET /videos/2bb5a695-07ea-4493-95b9-573787d88e8b","timestamp":"2025-05-04T13:41:35.926Z"}
{"level":"info","message":"User anonymous accessed GET /videos/null","timestamp":"2025-05-04T13:41:37.461Z"}
{"level":"info","message":"User anonymous accessed GET /auth/profile","timestamp":"2025-05-04T13:41:37.473Z"}
{"level":"info","message":"User anonymous accessed GET /videos/null","timestamp":"2025-05-04T13:41:38.479Z"}
{"level":"info","message":"User anonymous accessed GET /videos/null","timestamp":"2025-05-04T13:41:40.494Z"}
{"level":"info","message":"User anonymous accessed GET /videos/2bb5a695-07ea-4493-95b9-573787d88e8b","timestamp":"2025-05-04T13:41:41.917Z"}
{"level":"info","message":"User anonymous accessed GET /videos/2bb5a695-07ea-4493-95b9-573787d88e8b","timestamp":"2025-05-04T13:42:48.524Z"}
{"level":"info","message":"User anonymous accessed GET /videos/2bb5a695-07ea-4493-95b9-573787d88e8b","timestamp":"2025-05-04T14:02:18.760Z"}
{"level":"info","message":"User anonymous accessed GET /videos/2bb5a695-07ea-4493-95b9-573787d88e8b","timestamp":"2025-05-04T14:02:19.115Z"}
{"level":"info","message":"User anonymous accessed GET /auth/profile","timestamp":"2025-05-04T14:02:19.119Z"}
{"level":"info","message":"User anonymous accessed GET /videos/2bb5a695-07ea-4493-95b9-573787d88e8b","timestamp":"2025-05-04T14:02:41.750Z"}
{"level":"info","message":"User anonymous accessed GET /videos/2bb5a695-07ea-4493-95b9-573787d88e8b","timestamp":"2025-05-04T14:02:58.920Z"}
{"level":"info","message":"User anonymous accessed GET /videos/2bb5a695-07ea-4493-95b9-573787d88e8b","timestamp":"2025-05-04T14:03:01.096Z"}
{"level":"info","message":"User anonymous accessed GET /auth/profile","timestamp":"2025-05-04T14:03:01.100Z"}
{"level":"info","message":"User anonymous accessed GET /videos/2bb5a695-07ea-4493-95b9-573787d88e8b","timestamp":"2025-05-04T14:03:08.625Z"}
{"level":"info","message":"User anonymous accessed GET /auth/profile","timestamp":"2025-05-04T14:03:08.635Z"}
{"level":"info","message":"User anonymous accessed GET /videos/2bb5a695-07ea-4493-95b9-573787d88e8b","timestamp":"2025-05-04T14:03:40.715Z"}
{"level":"info","message":"User anonymous accessed GET /videos/2bb5a695-07ea-4493-95b9-573787d88e8b","timestamp":"2025-05-04T14:04:49.610Z"}
{"level":"info","message":"User anonymous accessed GET /videos?page=1&limit=4","timestamp":"2025-05-04T14:05:41.231Z"}
{"level":"info","message":"User anonymous accessed GET /categories/popular-categories","timestamp":"2025-05-04T14:05:41.234Z"}
{"level":"info","message":"User anonymous accessed GET /videos/829e23ba-77ad-4a46-a392-2c55dcf4eea8","timestamp":"2025-05-04T14:05:49.429Z"}
{"level":"info","message":"User anonymous accessed GET /videos/829e23ba-77ad-4a46-a392-2c55dcf4eea8","timestamp":"2025-05-04T14:06:40.537Z"}
{"level":"info","message":"User anonymous accessed GET /videos?page=1&limit=4","timestamp":"2025-05-04T14:09:59.446Z"}
{"level":"info","message":"User anonymous accessed GET /categories/popular-categories","timestamp":"2025-05-04T14:09:59.451Z"}
{"level":"info","message":"User anonymous accessed GET /videos/216336c5-d2e8-4386-9e09-d76004528990","timestamp":"2025-05-04T14:10:01.286Z"}
{"level":"info","message":"User anonymous accessed GET /videos?page=1&limit=4","timestamp":"2025-05-04T14:10:16.223Z"}
{"level":"info","message":"User anonymous accessed GET /categories/popular-categories","timestamp":"2025-05-04T14:10:16.233Z"}
{"level":"info","message":"User anonymous accessed GET /videos?page=1&limit=4","timestamp":"2025-05-04T14:20:32.789Z"}
{"level":"info","message":"User anonymous accessed GET /categories/popular-categories","timestamp":"2025-05-04T14:20:32.804Z"}
{"level":"info","message":"User anonymous accessed GET /auth/profile","timestamp":"2025-05-04T14:20:32.813Z"}
{"level":"info","message":"User anonymous accessed GET /videos?page=1&limit=4","timestamp":"2025-05-04T14:23:01.634Z"}
{"level":"info","message":"User anonymous accessed GET /categories/popular-categories","timestamp":"2025-05-04T14:23:01.645Z"}
{"level":"info","message":"User anonymous accessed GET /categories/popular-categories","timestamp":"2025-05-04T14:26:04.314Z"}
{"level":"info","message":"User anonymous accessed GET /categories/popular-categories","timestamp":"2025-05-04T14:26:05.133Z"}
{"level":"info","message":"User anonymous accessed GET /categories/popular-categories","timestamp":"2025-05-04T14:26:05.503Z"}
{"level":"info","message":"User anonymous accessed GET /categories/popular-categories","timestamp":"2025-05-04T14:26:05.829Z"}
{"level":"info","message":"User anonymous accessed GET /categories/popular-categories","timestamp":"2025-05-04T14:26:39.652Z"}
{"level":"info","message":"User anonymous accessed GET /categories/popular-categories","timestamp":"2025-05-04T14:27:19.774Z"}
{"level":"info","message":"User anonymous accessed GET /categories/popular-categories","timestamp":"2025-05-04T14:27:50.458Z"}
{"level":"info","message":"User anonymous accessed GET /categories/popular-categories","timestamp":"2025-05-04T14:28:35.029Z"}
{"level":"info","message":"User anonymous accessed GET /videos/216336c5-d2e8-4386-9e09-d76004528990","timestamp":"2025-05-04T14:29:20.837Z"}
{"level":"info","message":"User anonymous accessed GET /videos/216336c5-d2e8-4386-9e09-d76004528990","timestamp":"2025-05-04T14:29:21.864Z"}
{"level":"info","message":"User anonymous accessed GET /videos/216336c5-d2e8-4386-9e09-d76004528990","timestamp":"2025-05-04T14:29:23.877Z"}
{"level":"info","message":"User anonymous accessed GET /videos/216336c5-d2e8-4386-9e09-d76004528990","timestamp":"2025-05-04T14:29:27.893Z"}
{"level":"info","message":"User anonymous accessed GET /videos?page=1&limit=4","timestamp":"2025-05-04T14:29:30.409Z"}
{"level":"info","message":"User anonymous accessed GET /categories/popular-categories","timestamp":"2025-05-04T14:29:30.422Z"}
{"level":"info","message":"User anonymous accessed GET /videos/216336c5-d2e8-4386-9e09-d76004528990","timestamp":"2025-05-04T14:29:31.287Z"}
{"level":"info","message":"User anonymous accessed GET /videos/216336c5-d2e8-4386-9e09-d76004528990","timestamp":"2025-05-04T14:29:32.298Z"}
{"level":"info","message":"User anonymous accessed GET /videos/216336c5-d2e8-4386-9e09-d76004528990","timestamp":"2025-05-04T14:29:34.311Z"}
{"level":"info","message":"User anonymous accessed GET /videos?page=1&limit=4","timestamp":"2025-05-04T14:29:37.456Z"}
{"level":"info","message":"User anonymous accessed GET /categories/popular-categories","timestamp":"2025-05-04T14:29:37.459Z"}
{"level":"info","message":"User anonymous accessed GET /videos?page=1&limit=4","timestamp":"2025-05-04T14:29:40.045Z"}
{"level":"info","message":"User anonymous accessed GET /categories/popular-categories","timestamp":"2025-05-04T14:29:40.046Z"}
{"level":"info","message":"User anonymous accessed GET /auth/profile","timestamp":"2025-05-04T14:29:40.060Z"}
{"level":"info","message":"User anonymous accessed GET /videos/216336c5-d2e8-4386-9e09-d76004528990","timestamp":"2025-05-04T14:29:41.698Z"}
{"level":"info","message":"User anonymous accessed GET /videos?page=1&limit=4","timestamp":"2025-05-04T14:29:42.499Z"}
{"level":"info","message":"User anonymous accessed GET /categories/popular-categories","timestamp":"2025-05-04T14:29:42.502Z"}
{"level":"info","message":"User anonymous accessed GET /videos/2bb5a695-07ea-4493-95b9-573787d88e8b","timestamp":"2025-05-04T14:29:43.182Z"}
{"level":"info","message":"User anonymous accessed GET /videos/2bb5a695-07ea-4493-95b9-573787d88e8b","timestamp":"2025-05-04T14:29:44.191Z"}
{"level":"info","message":"User anonymous accessed GET /videos/2bb5a695-07ea-4493-95b9-573787d88e8b","timestamp":"2025-05-04T14:29:46.205Z"}
{"level":"info","message":"User anonymous accessed GET /videos/2bb5a695-07ea-4493-95b9-573787d88e8b","timestamp":"2025-05-04T14:29:50.226Z"}
{"level":"info","message":"User anonymous accessed GET /videos/2bb5a695-07ea-4493-95b9-573787d88e8b","timestamp":"2025-05-04T14:30:01.170Z"}
{"level":"info","message":"User anonymous accessed GET /auth/profile","timestamp":"2025-05-04T14:30:01.181Z"}
{"level":"info","message":"User anonymous accessed GET /videos/2bb5a695-07ea-4493-95b9-573787d88e8b","timestamp":"2025-05-04T14:30:01.799Z"}
{"level":"info","message":"User anonymous accessed GET /auth/profile","timestamp":"2025-05-04T14:30:01.808Z"}
{"level":"info","message":"User anonymous accessed GET /videos/2bb5a695-07ea-4493-95b9-573787d88e8b","timestamp":"2025-05-04T14:30:01.988Z"}
{"level":"info","message":"User anonymous accessed GET /auth/profile","timestamp":"2025-05-04T14:30:01.998Z"}
{"level":"info","message":"User anonymous accessed GET /videos/2bb5a695-07ea-4493-95b9-573787d88e8b","timestamp":"2025-05-04T14:30:02.191Z"}
{"level":"info","message":"User anonymous accessed GET /auth/profile","timestamp":"2025-05-04T14:30:02.204Z"}
{"level":"info","message":"User anonymous accessed GET /videos/2bb5a695-07ea-4493-95b9-573787d88e8b","timestamp":"2025-05-04T14:30:02.388Z"}
{"level":"info","message":"User anonymous accessed GET /auth/profile","timestamp":"2025-05-04T14:30:02.398Z"}
{"level":"info","message":"User anonymous accessed GET /videos/2bb5a695-07ea-4493-95b9-573787d88e8b","timestamp":"2025-05-04T14:30:02.554Z"}
{"level":"info","message":"User anonymous accessed GET /auth/profile","timestamp":"2025-05-04T14:30:02.565Z"}
{"level":"info","message":"User anonymous accessed GET /videos/2bb5a695-07ea-4493-95b9-573787d88e8b","timestamp":"2025-05-04T14:30:02.885Z"}
{"level":"info","message":"User anonymous accessed GET /auth/profile","timestamp":"2025-05-04T14:30:02.893Z"}
{"level":"info","message":"User anonymous accessed GET /videos/2bb5a695-07ea-4493-95b9-573787d88e8b","timestamp":"2025-05-04T14:30:03.001Z"}
{"level":"info","message":"User anonymous accessed GET /auth/profile","timestamp":"2025-05-04T14:30:03.015Z"}
{"level":"info","message":"User anonymous accessed GET /videos/2bb5a695-07ea-4493-95b9-573787d88e8b","timestamp":"2025-05-04T14:30:03.167Z"}
{"level":"info","message":"User anonymous accessed GET /auth/profile","timestamp":"2025-05-04T14:30:03.176Z"}
{"level":"info","message":"User anonymous accessed GET /videos/2bb5a695-07ea-4493-95b9-573787d88e8b","timestamp":"2025-05-04T14:30:04.184Z"}
{"level":"info","message":"User anonymous accessed GET /videos/2bb5a695-07ea-4493-95b9-573787d88e8b","timestamp":"2025-05-04T14:30:06.199Z"}
{"level":"info","message":"User anonymous accessed GET /videos/2bb5a695-07ea-4493-95b9-573787d88e8b","timestamp":"2025-05-04T14:30:10.212Z"}
{"level":"info","message":"User anonymous accessed GET /categories/popular-categories","timestamp":"2025-05-04T14:30:28.209Z"}
{"level":"info","message":"User anonymous accessed GET /videos?page=1&limit=4","timestamp":"2025-05-04T14:30:28.226Z"}
{"level":"info","message":"User anonymous accessed GET /videos/829e23ba-77ad-4a46-a392-2c55dcf4eea8","timestamp":"2025-05-04T14:30:29.198Z"}
{"level":"info","message":"User anonymous accessed GET /videos/829e23ba-77ad-4a46-a392-2c55dcf4eea8","timestamp":"2025-05-04T14:30:30.209Z"}
{"level":"info","message":"User anonymous accessed GET /videos/829e23ba-77ad-4a46-a392-2c55dcf4eea8","timestamp":"2025-05-04T14:30:32.220Z"}
{"level":"info","message":"User anonymous accessed GET /videos/829e23ba-77ad-4a46-a392-2c55dcf4eea8","timestamp":"2025-05-04T14:30:36.227Z"}
{"level":"info","message":"User anonymous accessed GET /videos?page=1&limit=4","timestamp":"2025-05-04T14:30:49.925Z"}
{"level":"info","message":"User anonymous accessed GET /categories/popular-categories","timestamp":"2025-05-04T14:30:49.941Z"}
{"level":"info","message":"User anonymous accessed GET /videos/829e23ba-77ad-4a46-a392-2c55dcf4eea8","timestamp":"2025-05-04T14:30:51.131Z"}
{"level":"info","message":"User anonymous accessed GET /videos/829e23ba-77ad-4a46-a392-2c55dcf4eea8","timestamp":"2025-05-04T14:30:52.149Z"}
{"level":"info","message":"User anonymous accessed GET /videos/829e23ba-77ad-4a46-a392-2c55dcf4eea8","timestamp":"2025-05-04T14:30:54.162Z"}
{"level":"info","message":"User anonymous accessed GET /videos/829e23ba-77ad-4a46-a392-2c55dcf4eea8","timestamp":"2025-05-04T14:30:58.171Z"}
{"level":"info","message":"User anonymous accessed GET /videos?page=1&limit=4","timestamp":"2025-05-04T14:31:58.943Z"}
{"level":"info","message":"User anonymous accessed GET /categories/popular-categories","timestamp":"2025-05-04T14:31:58.960Z"}
{"level":"info","message":"User anonymous accessed GET /videos/829e23ba-77ad-4a46-a392-2c55dcf4eea8","timestamp":"2025-05-04T14:31:59.664Z"}
{"level":"info","message":"User anonymous accessed GET /videos/829e23ba-77ad-4a46-a392-2c55dcf4eea8","timestamp":"2025-05-04T14:32:12.314Z"}
{"level":"info","message":"User anonymous accessed GET /videos/829e23ba-77ad-4a46-a392-2c55dcf4eea8","timestamp":"2025-05-04T14:32:18.515Z"}
{"level":"info","message":"User anonymous accessed GET /auth/profile","timestamp":"2025-05-04T14:32:18.526Z"}
{"level":"info","message":"User anonymous accessed GET /videos?page=1&limit=4","timestamp":"2025-05-04T14:32:20.940Z"}
{"level":"info","message":"User anonymous accessed GET /categories/popular-categories","timestamp":"2025-05-04T14:32:20.943Z"}
{"level":"info","message":"User anonymous accessed GET /videos/216336c5-d2e8-4386-9e09-d76004528990","timestamp":"2025-05-04T14:32:21.995Z"}
{"level":"info","message":"User anonymous accessed GET /videos/216336c5-d2e8-4386-9e09-d76004528990","timestamp":"2025-05-04T14:32:23.016Z"}
{"level":"info","message":"User anonymous accessed GET /videos/216336c5-d2e8-4386-9e09-d76004528990","timestamp":"2025-05-04T14:32:25.036Z"}
{"level":"info","message":"User anonymous accessed GET /videos/216336c5-d2e8-4386-9e09-d76004528990","timestamp":"2025-05-04T14:32:29.049Z"}
{"level":"info","message":"User anonymous accessed GET /videos?page=1&limit=4","timestamp":"2025-05-04T14:32:43.535Z"}
{"level":"info","message":"User anonymous accessed GET /categories/popular-categories","timestamp":"2025-05-04T14:32:43.539Z"}
{"level":"info","message":"User anonymous accessed GET /videos/216336c5-d2e8-4386-9e09-d76004528990","timestamp":"2025-05-04T14:36:18.646Z"}
{"level":"info","message":"User anonymous accessed GET /videos/216336c5-d2e8-4386-9e09-d76004528990","timestamp":"2025-05-04T14:36:19.681Z"}
{"level":"info","message":"User anonymous accessed GET /videos/216336c5-d2e8-4386-9e09-d76004528990","timestamp":"2025-05-04T14:36:21.698Z"}
{"level":"info","message":"User anonymous accessed GET /videos/216336c5-d2e8-4386-9e09-d76004528990","timestamp":"2025-05-04T14:36:25.709Z"}
{"level":"info","message":"User anonymous accessed GET /videos?page=1&limit=4","timestamp":"2025-05-04T14:36:28.620Z"}
{"level":"info","message":"User anonymous accessed GET /categories/popular-categories","timestamp":"2025-05-04T14:36:28.631Z"}
{"level":"info","message":"User anonymous accessed GET /videos/829e23ba-77ad-4a46-a392-2c55dcf4eea8","timestamp":"2025-05-04T14:38:24.764Z"}
{"level":"info","message":"User anonymous accessed GET /videos/829e23ba-77ad-4a46-a392-2c55dcf4eea8","timestamp":"2025-05-04T14:38:25.802Z"}
{"level":"info","message":"User anonymous accessed GET /videos/829e23ba-77ad-4a46-a392-2c55dcf4eea8","timestamp":"2025-05-04T14:38:27.815Z"}
{"level":"info","message":"User anonymous accessed GET /videos/829e23ba-77ad-4a46-a392-2c55dcf4eea8","timestamp":"2025-05-04T14:38:31.832Z"}
{"level":"info","message":"User anonymous accessed GET /videos?page=1&limit=4","timestamp":"2025-05-04T14:39:05.692Z"}
{"level":"info","message":"User anonymous accessed GET /categories/popular-categories","timestamp":"2025-05-04T14:39:05.706Z"}
{"level":"info","message":"User anonymous accessed GET /videos/829e23ba-77ad-4a46-a392-2c55dcf4eea8","timestamp":"2025-05-04T14:39:08.052Z"}
{"level":"info","message":"User anonymous accessed GET /videos?page=1&limit=4","timestamp":"2025-05-04T14:39:25.679Z"}
{"level":"info","message":"User anonymous accessed GET /categories/popular-categories","timestamp":"2025-05-04T14:39:25.683Z"}
{"level":"info","message":"User anonymous accessed GET /videos/216336c5-d2e8-4386-9e09-d76004528990","timestamp":"2025-05-04T14:39:26.850Z"}
{"level":"info","message":"User anonymous accessed GET /videos/216336c5-d2e8-4386-9e09-d76004528990","timestamp":"2025-05-04T14:39:27.870Z"}
{"level":"info","message":"User anonymous accessed GET /videos/216336c5-d2e8-4386-9e09-d76004528990","timestamp":"2025-05-04T14:39:29.891Z"}
{"level":"info","message":"User anonymous accessed GET /videos/216336c5-d2e8-4386-9e09-d76004528990","timestamp":"2025-05-04T14:39:33.906Z"}
{"level":"info","message":"User anonymous accessed GET /videos/216336c5-d2e8-4386-9e09-d76004528990","timestamp":"2025-05-04T14:42:19.697Z"}
{"level":"info","message":"User anonymous accessed GET /videos/216336c5-d2e8-4386-9e09-d76004528990","timestamp":"2025-05-04T14:42:20.753Z"}
{"level":"info","message":"User anonymous accessed GET /videos/216336c5-d2e8-4386-9e09-d76004528990","timestamp":"2025-05-04T14:42:22.763Z"}
{"level":"info","message":"User anonymous accessed GET /videos/216336c5-d2e8-4386-9e09-d76004528990","timestamp":"2025-05-04T14:42:26.778Z"}
{"level":"info","message":"User anonymous accessed GET /videos/216336c5-d2e8-4386-9e09-d76004528990","timestamp":"2025-05-04T14:44:10.281Z"}
{"level":"info","message":"User anonymous accessed GET /videos/216336c5-d2e8-4386-9e09-d76004528990","timestamp":"2025-05-04T14:44:11.293Z"}
{"level":"info","message":"User anonymous accessed GET /videos/216336c5-d2e8-4386-9e09-d76004528990","timestamp":"2025-05-04T14:48:40.996Z"}
{"level":"info","message":"User anonymous accessed GET /auth/profile","timestamp":"2025-05-04T14:48:41.007Z"}
{"level":"info","message":"User anonymous accessed GET /videos/216336c5-d2e8-4386-9e09-d76004528990","timestamp":"2025-05-04T14:48:42.046Z"}
{"level":"info","message":"User anonymous accessed GET /videos/216336c5-d2e8-4386-9e09-d76004528990","timestamp":"2025-05-04T14:48:44.056Z"}
{"level":"info","message":"User anonymous accessed GET /videos/216336c5-d2e8-4386-9e09-d76004528990","timestamp":"2025-05-04T14:48:48.073Z"}
{"level":"info","message":"User anonymous accessed OPTIONS /auth/login","timestamp":"2025-05-04T14:49:17.034Z"}
{"level":"info","message":"User anonymous accessed POST /auth/login","timestamp":"2025-05-04T14:49:17.038Z"}
{"level":"info","message":"User anonymous accessed GET /videos?page=1&limit=4","timestamp":"2025-05-04T14:49:17.152Z"}
{"level":"info","message":"User anonymous accessed GET /categories/popular-categories","timestamp":"2025-05-04T14:49:17.154Z"}
{"level":"info","message":"User anonymous accessed GET /videos/216336c5-d2e8-4386-9e09-d76004528990","timestamp":"2025-05-04T14:49:20.042Z"}
{"level":"info","message":"User anonymous accessed GET /videos/216336c5-d2e8-4386-9e09-d76004528990","timestamp":"2025-05-04T14:49:23.968Z"}
{"level":"info","message":"User anonymous accessed GET /auth/profile","timestamp":"2025-05-04T14:49:23.972Z"}
{"level":"info","message":"User anonymous accessed GET /videos/216336c5-d2e8-4386-9e09-d76004528990","timestamp":"2025-05-04T14:49:24.680Z"}
{"level":"info","message":"User anonymous accessed GET /auth/profile","timestamp":"2025-05-04T14:49:24.690Z"}
{"level":"info","message":"User anonymous accessed GET /videos/216336c5-d2e8-4386-9e09-d76004528990","timestamp":"2025-05-04T14:49:41.212Z"}
{"level":"info","message":"User anonymous accessed GET /auth/profile","timestamp":"2025-05-04T14:49:41.226Z"}
{"level":"info","message":"User anonymous accessed GET /videos?page=1&limit=4","timestamp":"2025-05-04T14:49:44.381Z"}
{"level":"info","message":"User anonymous accessed GET /categories/popular-categories","timestamp":"2025-05-04T14:49:44.383Z"}
{"level":"info","message":"User anonymous accessed GET /videos/216336c5-d2e8-4386-9e09-d76004528990","timestamp":"2025-05-04T14:49:46.816Z"}
{"level":"info","message":"User anonymous accessed GET /videos/216336c5-d2e8-4386-9e09-d76004528990","timestamp":"2025-05-04T14:50:16.598Z"}
{"level":"info","message":"User anonymous accessed GET /videos?page=1&limit=4","timestamp":"2025-05-04T14:50:20.137Z"}
{"level":"info","message":"User anonymous accessed GET /categories/popular-categories","timestamp":"2025-05-04T14:50:20.139Z"}
{"level":"info","message":"User anonymous accessed GET /videos/216336c5-d2e8-4386-9e09-d76004528990","timestamp":"2025-05-04T14:50:21.916Z"}
{"level":"info","message":"User anonymous accessed GET /videos/216336c5-d2e8-4386-9e09-d76004528990","timestamp":"2025-05-04T14:50:44.765Z"}
{"level":"info","message":"User anonymous accessed GET /videos?page=1&limit=4","timestamp":"2025-05-04T14:50:50.637Z"}
{"level":"info","message":"User anonymous accessed GET /categories/popular-categories","timestamp":"2025-05-04T14:50:50.639Z"}
{"level":"info","message":"User anonymous accessed GET /videos?page=1&limit=4","timestamp":"2025-05-04T14:51:32.212Z"}
{"level":"info","message":"User anonymous accessed GET /categories/popular-categories","timestamp":"2025-05-04T14:51:32.233Z"}
{"level":"info","message":"User anonymous accessed GET /videos?page=1&limit=4","timestamp":"2025-05-04T14:57:00.136Z"}
{"level":"info","message":"User anonymous accessed GET /categories/popular-categories","timestamp":"2025-05-04T14:57:00.158Z"}
{"level":"info","message":"User anonymous accessed GET /videos/216336c5-d2e8-4386-9e09-d76004528990","timestamp":"2025-05-04T14:57:02.510Z"}
{"level":"info","message":"User anonymous accessed GET /videos/216336c5-d2e8-4386-9e09-d76004528990","timestamp":"2025-05-04T14:57:14.421Z"}
{"level":"info","message":"User anonymous accessed GET /auth/profile","timestamp":"2025-05-04T14:57:14.434Z"}
{"level":"info","message":"User anonymous accessed GET /videos/216336c5-d2e8-4386-9e09-d76004528990","timestamp":"2025-05-04T15:04:02.116Z"}
